[19-Oct-2025 22:16:57 Asia/Jakarta] 2025-10-19 22:16:57 [Process] Action: decrypt_text | Trace: D:\laragon\www\Contoh-Enkripsi\process.php:49 logError()
[19-Oct-2025 22:17:24 Asia/Jakarta] 2025-10-19 22:17:24 [Process] Action: decrypt_text | Trace: D:\laragon\www\Contoh-Enkripsi\process.php:49 logError()
[20-Oct-2025 08:18:47 Asia/Jakarta] 2025-10-20 08:18:47 [Process] Action: encrypt_text | Trace: D:\laragon\www\Contoh-Enkripsi\process.php:49 logError()
[20-Oct-2025 08:19:11 Asia/Jakarta] 2025-10-20 08:19:11 [Process] Action: encrypt_file | Trace: D:\laragon\www\Contoh-Enkripsi\process.php:49 logError()
[20-Oct-2025 08:19:11 Asia/Jakarta] 2025-10-20 08:19:11 [FileEncrypt] Method=aes-gcm, Size=12914 | Trace: D:\laragon\www\Contoh-Enkripsi\CryptoEngine.php:578 logError() <- D:\laragon\www\Contoh-Enkripsi\process.php:241 encryptFile()
[20-Oct-2025 08:24:28 Asia/Jakarta] 2025-10-20 08:24:28 [Process] Action: encrypt_text | Trace: D:\laragon\www\Contoh-Enkripsi\process.php:49 logError()
[20-Oct-2025 08:25:25 Asia/Jakarta] 2025-10-20 08:25:25 [Process] Action: encrypt_text | Trace: D:\laragon\www\Contoh-Enkripsi\process.php:49 logError()
[20-Oct-2025 08:47:11 Asia/Jakarta] 2025-10-20 08:47:11 [Process] Action: encrypt_text | Trace: D:\laragon\www\Contoh-Enkripsi\process.php:49 logError()
[20-Oct-2025 08:48:28 Asia/Jakarta] 2025-10-20 08:48:28 [Process] Action: encrypt_text | Trace: D:\laragon\www\Contoh-Enkripsi\process.php:49 logError()
[20-Oct-2025 08:49:12 Asia/Jakarta] 2025-10-20 08:49:12 [Process] Action: encrypt_text | Trace: D:\laragon\www\Contoh-Enkripsi\process.php:49 logError()
[20-Oct-2025 08:49:22 Asia/Jakarta] 2025-10-20 08:49:22 [Process] Action: encrypt_text | Trace: D:\laragon\www\Contoh-Enkripsi\process.php:49 logError()
[20-Oct-2025 09:18:16 Asia/Jakarta] 2025-10-20 09:18:16 [Process] Action: encrypt_text | Trace: D:\laragon\www\Contoh-Enkripsi\process.php:49 logError()
[23-Oct-2025 18:56:49 Asia/Jakarta] 2025-10-23 18:56:49 [Process] Action: encrypt_text | Trace: D:\laragon\www\Contoh-Enkripsi\process.php:49 logError()
[23-Oct-2025 18:57:01 Asia/Jakarta] 2025-10-23 18:57:01 [Process] Action: encrypt_text | Trace: D:\laragon\www\Contoh-Enkripsi\process.php:49 logError()
[23-Oct-2025 18:59:23 Asia/Jakarta] 2025-10-23 18:59:23 [Process] Action: decrypt_text | Trace: D:\laragon\www\Contoh-Enkripsi\process.php:49 logError()
[23-Oct-2025 18:59:23 Asia/Jakarta] 2025-10-23 18:59:23 [Camellia-Decrypt] HMAC verification failed | Trace: D:\laragon\www\Contoh-Enkripsi\CryptoEngine.php:355 logError() <- D:\laragon\www\Contoh-Enkripsi\process.php:181 decryptCamellia256CBC()
[23-Oct-2025 18:59:23 Asia/Jakarta] 2025-10-23 18:59:23 [ProcessError] Decryption failed. Check keys and data. | Data: {"action":"decrypt_text","output":""} | Trace: D:\laragon\www\Contoh-Enkripsi\process.php:371 logError()
[23-Oct-2025 18:59:29 Asia/Jakarta] 2025-10-23 18:59:29 [Process] Action: decrypt_text | Trace: D:\laragon\www\Contoh-Enkripsi\process.php:49 logError()
[23-Oct-2025 18:59:29 Asia/Jakarta] 2025-10-23 18:59:29 [Camellia-Decrypt] HMAC verification failed | Trace: D:\laragon\www\Contoh-Enkripsi\CryptoEngine.php:355 logError() <- D:\laragon\www\Contoh-Enkripsi\process.php:181 decryptCamellia256CBC()
[23-Oct-2025 18:59:29 Asia/Jakarta] 2025-10-23 18:59:29 [ProcessError] Decryption failed. Check keys and data. | Data: {"action":"decrypt_text","output":""} | Trace: D:\laragon\www\Contoh-Enkripsi\process.php:371 logError()
[23-Oct-2025 18:59:32 Asia/Jakarta] 2025-10-23 18:59:32 [Process] Action: decrypt_text | Trace: D:\laragon\www\Contoh-Enkripsi\process.php:49 logError()
[23-Oct-2025 18:59:32 Asia/Jakarta] 2025-10-23 18:59:32 [AES-GCM-Decrypt] AES-GCM decryption failed:  | Trace: D:\laragon\www\Contoh-Enkripsi\CryptoEngine.php:165 logError() <- D:\laragon\www\Contoh-Enkripsi\process.php:175 decryptAES256GCM()
[23-Oct-2025 18:59:32 Asia/Jakarta] 2025-10-23 18:59:32 [ProcessError] Decryption failed. Check keys and data. | Data: {"action":"decrypt_text","output":""} | Trace: D:\laragon\www\Contoh-Enkripsi\process.php:371 logError()
[23-Oct-2025 18:59:34 Asia/Jakarta] 2025-10-23 18:59:34 [Process] Action: decrypt_text | Trace: D:\laragon\www\Contoh-Enkripsi\process.php:49 logError()
[23-Oct-2025 18:59:34 Asia/Jakarta] 2025-10-23 18:59:34 [AES-GCM-Decrypt] AES-GCM decryption failed:  | Trace: D:\laragon\www\Contoh-Enkripsi\CryptoEngine.php:165 logError() <- D:\laragon\www\Contoh-Enkripsi\process.php:175 decryptAES256GCM()
[23-Oct-2025 18:59:34 Asia/Jakarta] 2025-10-23 18:59:34 [ProcessError] Decryption failed. Check keys and data. | Data: {"action":"decrypt_text","output":""} | Trace: D:\laragon\www\Contoh-Enkripsi\process.php:371 logError()
[23-Oct-2025 19:00:02 Asia/Jakarta] 2025-10-23 19:00:02 [Process] Action: decrypt_text | Trace: D:\laragon\www\Contoh-Enkripsi\process.php:49 logError()
[23-Oct-2025 19:00:23 Asia/Jakarta] 2025-10-23 19:00:23 [Process] Action: decrypt_text | Trace: D:\laragon\www\Contoh-Enkripsi\process.php:49 logError()
[23-Oct-2025 19:00:23 Asia/Jakarta] 2025-10-23 19:00:23 [AES-CBC-Decrypt] HMAC verification failed | Trace: D:\laragon\www\Contoh-Enkripsi\CryptoEngine.php:227 logError() <- D:\laragon\www\Contoh-Enkripsi\process.php:171 decryptAES256CBC()
[23-Oct-2025 19:00:23 Asia/Jakarta] 2025-10-23 19:00:23 [ProcessError] Decryption failed. Check keys and data. | Data: {"action":"decrypt_text","output":""} | Trace: D:\laragon\www\Contoh-Enkripsi\process.php:371 logError()
[23-Oct-2025 19:02:22 Asia/Jakarta] 2025-10-23 19:02:22 [Process] Action: decrypt_text | Trace: D:\laragon\www\Contoh-Enkripsi\process.php:49 logError()
[23-Oct-2025 19:02:22 Asia/Jakarta] 2025-10-23 19:02:22 [AES-CBC-Decrypt] HMAC verification failed | Trace: D:\laragon\www\Contoh-Enkripsi\CryptoEngine.php:227 logError() <- D:\laragon\www\Contoh-Enkripsi\process.php:171 decryptAES256CBC()
[23-Oct-2025 19:02:22 Asia/Jakarta] 2025-10-23 19:02:22 [ProcessError] Decryption failed. Check keys and data. | Data: {"action":"decrypt_text","output":""} | Trace: D:\laragon\www\Contoh-Enkripsi\process.php:371 logError()
[23-Oct-2025 19:02:28 Asia/Jakarta] 2025-10-23 19:02:28 [Process] Action: decrypt_text | Trace: D:\laragon\www\Contoh-Enkripsi\process.php:49 logError()
[23-Oct-2025 19:02:28 Asia/Jakarta] 2025-10-23 19:02:28 [AES-CBC-Decrypt] HMAC verification failed | Trace: D:\laragon\www\Contoh-Enkripsi\CryptoEngine.php:227 logError() <- D:\laragon\www\Contoh-Enkripsi\process.php:171 decryptAES256CBC()
[23-Oct-2025 19:02:28 Asia/Jakarta] 2025-10-23 19:02:28 [ProcessError] Decryption failed. Check keys and data. | Data: {"action":"decrypt_text","output":""} | Trace: D:\laragon\www\Contoh-Enkripsi\process.php:371 logError()
[23-Oct-2025 19:02:34 Asia/Jakarta] 2025-10-23 19:02:34 [Process] Action: decrypt_text | Trace: D:\laragon\www\Contoh-Enkripsi\process.php:49 logError()
[23-Oct-2025 19:03:06 Asia/Jakarta] 2025-10-23 19:03:06 [Process] Action: decrypt_text | Trace: D:\laragon\www\Contoh-Enkripsi\process.php:49 logError()
[23-Oct-2025 19:03:06 Asia/Jakarta] 2025-10-23 19:03:06 [AES-CBC-Decrypt] HMAC verification failed | Trace: D:\laragon\www\Contoh-Enkripsi\CryptoEngine.php:227 logError() <- D:\laragon\www\Contoh-Enkripsi\process.php:171 decryptAES256CBC()
[23-Oct-2025 19:03:06 Asia/Jakarta] 2025-10-23 19:03:06 [ProcessError] Decryption failed. Check keys and data. | Data: {"action":"decrypt_text","output":""} | Trace: D:\laragon\www\Contoh-Enkripsi\process.php:371 logError()
[23-Oct-2025 19:03:08 Asia/Jakarta] 2025-10-23 19:03:08 [Process] Action: decrypt_text | Trace: D:\laragon\www\Contoh-Enkripsi\process.php:49 logError()
[23-Oct-2025 19:03:08 Asia/Jakarta] 2025-10-23 19:03:08 [AES-CBC-Decrypt] HMAC verification failed | Trace: D:\laragon\www\Contoh-Enkripsi\CryptoEngine.php:227 logError() <- D:\laragon\www\Contoh-Enkripsi\process.php:171 decryptAES256CBC()
[23-Oct-2025 19:03:08 Asia/Jakarta] 2025-10-23 19:03:08 [ProcessError] Decryption failed. Check keys and data. | Data: {"action":"decrypt_text","output":""} | Trace: D:\laragon\www\Contoh-Enkripsi\process.php:371 logError()
[23-Oct-2025 19:03:08 Asia/Jakarta] 2025-10-23 19:03:08 [Process] Action: decrypt_text | Trace: D:\laragon\www\Contoh-Enkripsi\process.php:49 logError()
[23-Oct-2025 19:03:08 Asia/Jakarta] 2025-10-23 19:03:08 [AES-CBC-Decrypt] HMAC verification failed | Trace: D:\laragon\www\Contoh-Enkripsi\CryptoEngine.php:227 logError() <- D:\laragon\www\Contoh-Enkripsi\process.php:171 decryptAES256CBC()
[23-Oct-2025 19:03:08 Asia/Jakarta] 2025-10-23 19:03:08 [ProcessError] Decryption failed. Check keys and data. | Data: {"action":"decrypt_text","output":""} | Trace: D:\laragon\www\Contoh-Enkripsi\process.php:371 logError()
[23-Oct-2025 19:03:08 Asia/Jakarta] 2025-10-23 19:03:08 [Process] Action: decrypt_text | Trace: D:\laragon\www\Contoh-Enkripsi\process.php:49 logError()
[23-Oct-2025 19:03:08 Asia/Jakarta] 2025-10-23 19:03:08 [AES-CBC-Decrypt] HMAC verification failed | Trace: D:\laragon\www\Contoh-Enkripsi\CryptoEngine.php:227 logError() <- D:\laragon\www\Contoh-Enkripsi\process.php:171 decryptAES256CBC()
[23-Oct-2025 19:03:08 Asia/Jakarta] 2025-10-23 19:03:08 [ProcessError] Decryption failed. Check keys and data. | Data: {"action":"decrypt_text","output":""} | Trace: D:\laragon\www\Contoh-Enkripsi\process.php:371 logError()
[23-Oct-2025 19:03:09 Asia/Jakarta] 2025-10-23 19:03:09 [Process] Action: decrypt_text | Trace: D:\laragon\www\Contoh-Enkripsi\process.php:49 logError()
[23-Oct-2025 19:03:09 Asia/Jakarta] 2025-10-23 19:03:09 [AES-CBC-Decrypt] HMAC verification failed | Trace: D:\laragon\www\Contoh-Enkripsi\CryptoEngine.php:227 logError() <- D:\laragon\www\Contoh-Enkripsi\process.php:171 decryptAES256CBC()
[23-Oct-2025 19:03:09 Asia/Jakarta] 2025-10-23 19:03:09 [ProcessError] Decryption failed. Check keys and data. | Data: {"action":"decrypt_text","output":""} | Trace: D:\laragon\www\Contoh-Enkripsi\process.php:371 logError()
[23-Oct-2025 19:06:30 Asia/Jakarta] 2025-10-23 19:06:30 [Process] Action: encrypt_text | Trace: D:\laragon\www\Contoh-Enkripsi\process.php:49 logError()
[23-Oct-2025 19:07:50 Asia/Jakarta] 2025-10-23 19:07:50 [Process] Action: decrypt_text | Trace: D:\laragon\www\Contoh-Enkripsi\process.php:49 logError()
[23-Oct-2025 19:07:50 Asia/Jakarta] 2025-10-23 19:07:50 [AES-CBC-Decrypt] Invalid encrypted data format | Trace: D:\laragon\www\Contoh-Enkripsi\CryptoEngine.php:227 logError() <- D:\laragon\www\Contoh-Enkripsi\process.php:171 decryptAES256CBC()
[23-Oct-2025 19:07:50 Asia/Jakarta] 2025-10-23 19:07:50 [ProcessError] Decryption failed. Check keys and data. | Data: {"action":"decrypt_text","output":""} | Trace: D:\laragon\www\Contoh-Enkripsi\process.php:371 logError()
[23-Oct-2025 19:10:39 Asia/Jakarta] 2025-10-23 19:10:39 [Process] Action: decrypt_text | Trace: D:\laragon\www\Contoh-Enkripsi\process.php:49 logError()
[23-Oct-2025 19:12:01 Asia/Jakarta] 2025-10-23 19:12:01 [Process] Action: encrypt_text | Trace: D:\laragon\www\Contoh-Enkripsi\process.php:49 logError()
[23-Oct-2025 19:12:01 Asia/Jakarta] 2025-10-23 19:12:01 [ProcessError] Public key required for HYBRID | Data: {"action":"encrypt_text","output":""} | Trace: D:\laragon\www\Contoh-Enkripsi\process.php:371 logError()
[23-Oct-2025 19:12:22 Asia/Jakarta] 2025-10-23 19:12:22 [Process] Action: encrypt_text | Trace: D:\laragon\www\Contoh-Enkripsi\process.php:49 logError()
[23-Oct-2025 19:14:25 Asia/Jakarta] 2025-10-23 19:14:25 [Process] Action: encrypt_text | Trace: D:\laragon\www\Contoh-Enkripsi\process.php:49 logError()
[23-Oct-2025 19:15:32 Asia/Jakarta] 2025-10-23 19:15:32 [Process] Action: encrypt_text | Trace: D:\laragon\www\Contoh-Enkripsi\process.php:49 logError()
[23-Oct-2025 19:18:06 Asia/Jakarta] 2025-10-23 19:18:06 [Process] Action: decrypt_text | Trace: D:\laragon\www\Contoh-Enkripsi\process.php:49 logError()
[23-Oct-2025 19:18:06 Asia/Jakarta] 2025-10-23 19:18:06 [Camellia-Decrypt] HMAC verification failed | Trace: D:\laragon\www\Contoh-Enkripsi\CryptoEngine.php:355 logError() <- D:\laragon\www\Contoh-Enkripsi\process.php:181 decryptCamellia256CBC()
[23-Oct-2025 19:18:06 Asia/Jakarta] 2025-10-23 19:18:06 [ProcessError] Decryption failed. Check keys and data. | Data: {"action":"decrypt_text","output":""} | Trace: D:\laragon\www\Contoh-Enkripsi\process.php:371 logError()
[23-Oct-2025 19:18:19 Asia/Jakarta] 2025-10-23 19:18:19 [Process] Action: decrypt_text | Trace: D:\laragon\www\Contoh-Enkripsi\process.php:49 logError()
[23-Oct-2025 19:18:19 Asia/Jakarta] 2025-10-23 19:18:19 [Camellia-Decrypt] HMAC verification failed | Trace: D:\laragon\www\Contoh-Enkripsi\CryptoEngine.php:355 logError() <- D:\laragon\www\Contoh-Enkripsi\process.php:181 decryptCamellia256CBC()
[23-Oct-2025 19:18:19 Asia/Jakarta] 2025-10-23 19:18:19 [ProcessError] Decryption failed. Check keys and data. | Data: {"action":"decrypt_text","output":""} | Trace: D:\laragon\www\Contoh-Enkripsi\process.php:371 logError()
[23-Oct-2025 19:18:41 Asia/Jakarta] 2025-10-23 19:18:41 [Process] Action: decrypt_text | Trace: D:\laragon\www\Contoh-Enkripsi\process.php:49 logError()
[23-Oct-2025 19:30:58 Asia/Jakarta] 2025-10-23 19:30:58 [Process] Action: encrypt_text | Trace: D:\laragon\www\Contoh-Enkripsi\process.php:49 logError()
[23-Oct-2025 12:56:14 UTC] PHP Warning:  Constant KEYS_DIR already defined in D:\laragon\www\Contoh-Enkripsi\config.php on line 22
[23-Oct-2025 19:56:14 Asia/Jakarta] 2025-10-23 19:56:14 [AES-GCM-Encrypt] Data cannot be empty | Trace: D:\laragon\www\Contoh-Enkripsi\CryptoEngine.php:134 logError() <- D:\laragon\www\Contoh-Enkripsi\process.php:61 encryptAES256GCM()
[23-Oct-2025 19:56:14 Asia/Jakarta] 2025-10-23 19:56:14 [Process] Action: encrypt_text | Trace: D:\laragon\www\Contoh-Enkripsi\process.php:178 logError()
[23-Oct-2025 19:56:40 Asia/Jakarta] 2025-10-23 19:56:40 [AES-GCM-Encrypt] Data cannot be empty | Trace: D:\laragon\www\Contoh-Enkripsi\CryptoEngine.php:134 logError() <- D:\laragon\www\Contoh-Enkripsi\process.php:59 encryptAES256GCM()
[23-Oct-2025 19:56:40 Asia/Jakarta] 2025-10-23 19:56:40 [Process] Action: encrypt_text | Trace: D:\laragon\www\Contoh-Enkripsi\process.php:176 logError()
[23-Oct-2025 19:57:10 Asia/Jakarta] 2025-10-23 19:57:10 [Process] Action: encrypt_text | Trace: D:\laragon\www\Contoh-Enkripsi\process.php:49 logError()
[26-Oct-2025 11:40:44 Asia/Jakarta] 2025-10-26 11:40:44 [Process] Action: encrypt_text | Trace: D:\laragon\www\Contoh-Enkripsi\process.php:49 logError()
[26-Oct-2025 11:40:44 Asia/Jakarta] 2025-10-26 11:40:44 [ProcessError] Public key required for HYBRID | Data: {"action":"encrypt_text","output":""} | Trace: D:\laragon\www\Contoh-Enkripsi\process.php:371 logError()
[26-Oct-2025 11:42:40 Asia/Jakarta] 2025-10-26 11:42:40 [Process] Action: encrypt_text | Trace: D:\laragon\www\Contoh-Enkripsi\process.php:49 logError()
[26-Oct-2025 11:42:40 Asia/Jakarta] 2025-10-26 11:42:40 [ProcessError] Public key required for HYBRID | Data: {"action":"encrypt_text","output":""} | Trace: D:\laragon\www\Contoh-Enkripsi\process.php:371 logError()
[26-Oct-2025 11:43:21 Asia/Jakarta] 2025-10-26 11:43:21 [Process] Action: encrypt_text | Trace: D:\laragon\www\Contoh-Enkripsi\process.php:49 logError()
[26-Oct-2025 11:43:21 Asia/Jakarta] 2025-10-26 11:43:21 [ProcessError] Public key required for HYBRID | Data: {"action":"encrypt_text","output":""} | Trace: D:\laragon\www\Contoh-Enkripsi\process.php:371 logError()
[26-Oct-2025 12:09:07 Asia/Jakarta] 2025-10-26 12:09:07 [Process] Action: decrypt_text | Trace: D:\laragon\www\Contoh-Enkripsi\process.php:49 logError()
[26-Oct-2025 12:09:07 Asia/Jakarta] 2025-10-26 12:09:07 [AES-GCM-Decrypt] AES-GCM decryption failed: error:80000003:system library::No such process | Trace: D:\laragon\www\Contoh-Enkripsi\CryptoEngine.php:165 logError() <- D:\laragon\www\Contoh-Enkripsi\process.php:175 decryptAES256GCM()
[26-Oct-2025 12:09:07 Asia/Jakarta] 2025-10-26 12:09:07 [ProcessError] Decryption failed. Check keys and data. | Data: {"action":"decrypt_text","output":""} | Trace: D:\laragon\www\Contoh-Enkripsi\process.php:371 logError()
[26-Oct-2025 12:09:12 Asia/Jakarta] 2025-10-26 12:09:12 [Process] Action: decrypt_text | Trace: D:\laragon\www\Contoh-Enkripsi\process.php:49 logError()
[26-Oct-2025 12:09:12 Asia/Jakarta] 2025-10-26 12:09:12 [AES-CBC-Decrypt] HMAC verification failed | Trace: D:\laragon\www\Contoh-Enkripsi\CryptoEngine.php:227 logError() <- D:\laragon\www\Contoh-Enkripsi\process.php:171 decryptAES256CBC()
[26-Oct-2025 12:09:12 Asia/Jakarta] 2025-10-26 12:09:12 [ProcessError] Decryption failed. Check keys and data. | Data: {"action":"decrypt_text","output":""} | Trace: D:\laragon\www\Contoh-Enkripsi\process.php:371 logError()
[26-Oct-2025 12:09:43 Asia/Jakarta] 2025-10-26 12:09:43 [Process] Action: decrypt_text | Trace: D:\laragon\www\Contoh-Enkripsi\process.php:49 logError()
[26-Oct-2025 12:09:43 Asia/Jakarta] 2025-10-26 12:09:43 [AES-CBC-Decrypt] HMAC verification failed | Trace: D:\laragon\www\Contoh-Enkripsi\CryptoEngine.php:227 logError() <- D:\laragon\www\Contoh-Enkripsi\process.php:171 decryptAES256CBC()
[26-Oct-2025 12:09:43 Asia/Jakarta] 2025-10-26 12:09:43 [ProcessError] Decryption failed. Check keys and data. | Data: {"action":"decrypt_text","output":""} | Trace: D:\laragon\www\Contoh-Enkripsi\process.php:371 logError()
[26-Oct-2025 12:10:52 Asia/Jakarta] 2025-10-26 12:10:52 [Process] Action: decrypt_text | Trace: D:\laragon\www\Contoh-Enkripsi\process.php:49 logError()
[26-Oct-2025 12:10:52 Asia/Jakarta] 2025-10-26 12:10:52 [AES-CBC-Decrypt] HMAC verification failed | Trace: D:\laragon\www\Contoh-Enkripsi\CryptoEngine.php:227 logError() <- D:\laragon\www\Contoh-Enkripsi\process.php:171 decryptAES256CBC()
[26-Oct-2025 12:10:52 Asia/Jakarta] 2025-10-26 12:10:52 [ProcessError] Decryption failed. Check keys and data. | Data: {"action":"decrypt_text","output":""} | Trace: D:\laragon\www\Contoh-Enkripsi\process.php:371 logError()
[26-Oct-2025 12:11:13 Asia/Jakarta] 2025-10-26 12:11:13 [Process] Action: decrypt_text | Trace: D:\laragon\www\Contoh-Enkripsi\process.php:49 logError()
[26-Oct-2025 12:11:13 Asia/Jakarta] 2025-10-26 12:11:13 [AES-CBC-Decrypt] HMAC verification failed | Trace: D:\laragon\www\Contoh-Enkripsi\CryptoEngine.php:227 logError() <- D:\laragon\www\Contoh-Enkripsi\process.php:171 decryptAES256CBC()
[26-Oct-2025 12:11:13 Asia/Jakarta] 2025-10-26 12:11:13 [ProcessError] Decryption failed. Check keys and data. | Data: {"action":"decrypt_text","output":""} | Trace: D:\laragon\www\Contoh-Enkripsi\process.php:371 logError()
[26-Oct-2025 12:13:37 Asia/Jakarta] 2025-10-26 12:13:37 [Process] Action: decrypt_text | Trace: D:\laragon\www\Contoh-Enkripsi\process.php:49 logError()
[26-Oct-2025 12:13:37 Asia/Jakarta] 2025-10-26 12:13:37 [AES-CBC-Decrypt] HMAC verification failed | Trace: D:\laragon\www\Contoh-Enkripsi\CryptoEngine.php:227 logError() <- D:\laragon\www\Contoh-Enkripsi\process.php:171 decryptAES256CBC()
[26-Oct-2025 12:13:37 Asia/Jakarta] 2025-10-26 12:13:37 [ProcessError] Decryption failed. Check keys and data. | Data: {"action":"decrypt_text","output":""} | Trace: D:\laragon\www\Contoh-Enkripsi\process.php:371 logError()
[26-Oct-2025 12:13:53 Asia/Jakarta] 2025-10-26 12:13:53 [Process] Action: decrypt_text | Trace: D:\laragon\www\Contoh-Enkripsi\process.php:49 logError()
[26-Oct-2025 12:13:53 Asia/Jakarta] 2025-10-26 12:13:53 [AES-CBC-Decrypt] HMAC verification failed | Trace: D:\laragon\www\Contoh-Enkripsi\CryptoEngine.php:227 logError() <- D:\laragon\www\Contoh-Enkripsi\process.php:171 decryptAES256CBC()
[26-Oct-2025 12:13:53 Asia/Jakarta] 2025-10-26 12:13:53 [ProcessError] Decryption failed. Check keys and data. | Data: {"action":"decrypt_text","output":""} | Trace: D:\laragon\www\Contoh-Enkripsi\process.php:371 logError()
[26-Oct-2025 12:14:09 Asia/Jakarta] 2025-10-26 12:14:09 [Process] Action: encrypt_text | Trace: D:\laragon\www\Contoh-Enkripsi\process.php:49 logError()
[26-Oct-2025 12:14:32 Asia/Jakarta] 2025-10-26 12:14:32 [Process] Action: encrypt_text | Trace: D:\laragon\www\Contoh-Enkripsi\process.php:49 logError()
[26-Oct-2025 12:15:01 Asia/Jakarta] 2025-10-26 12:15:01 [Process] Action: encrypt_text | Trace: D:\laragon\www\Contoh-Enkripsi\process.php:49 logError()
[26-Oct-2025 12:15:24 Asia/Jakarta] 2025-10-26 12:15:24 [Process] Action: decrypt_text | Trace: D:\laragon\www\Contoh-Enkripsi\process.php:49 logError()
[26-Oct-2025 12:15:32 Asia/Jakarta] 2025-10-26 12:15:32 [Process] Action: decrypt_text | Trace: D:\laragon\www\Contoh-Enkripsi\process.php:49 logError()
[26-Oct-2025 12:15:32 Asia/Jakarta] 2025-10-26 12:15:32 [AES-CBC-Decrypt] HMAC verification failed | Trace: D:\laragon\www\Contoh-Enkripsi\CryptoEngine.php:227 logError() <- D:\laragon\www\Contoh-Enkripsi\process.php:171 decryptAES256CBC()
[26-Oct-2025 12:15:32 Asia/Jakarta] 2025-10-26 12:15:32 [ProcessError] Decryption failed. Check keys and data. | Data: {"action":"decrypt_text","output":""} | Trace: D:\laragon\www\Contoh-Enkripsi\process.php:371 logError()
[26-Oct-2025 12:54:56 Asia/Jakarta] 2025-10-26 12:54:56 [Process] Action: decrypt_text | Trace: D:\laragon\www\Contoh-Enkripsi\process.php:49 logError()
[26-Oct-2025 12:54:56 Asia/Jakarta] 2025-10-26 12:54:56 [AES-CBC-Decrypt] Invalid encrypted data format | Trace: D:\laragon\www\Contoh-Enkripsi\CryptoEngine.php:227 logError() <- D:\laragon\www\Contoh-Enkripsi\process.php:171 decryptAES256CBC()
[26-Oct-2025 12:54:56 Asia/Jakarta] 2025-10-26 12:54:56 [ProcessError] Decryption failed. Check keys and data. | Data: {"action":"decrypt_text","output":""} | Trace: D:\laragon\www\Contoh-Enkripsi\process.php:371 logError()
[26-Oct-2025 12:55:01 Asia/Jakarta] 2025-10-26 12:55:01 [Process] Action: decrypt_text | Trace: D:\laragon\www\Contoh-Enkripsi\process.php:49 logError()
[26-Oct-2025 12:55:01 Asia/Jakarta] 2025-10-26 12:55:01 [AES-GCM-Decrypt] AES-GCM decryption failed: error:80000003:system library::No such process | Trace: D:\laragon\www\Contoh-Enkripsi\CryptoEngine.php:165 logError() <- D:\laragon\www\Contoh-Enkripsi\process.php:175 decryptAES256GCM()
[26-Oct-2025 12:55:01 Asia/Jakarta] 2025-10-26 12:55:01 [ProcessError] Decryption failed. Check keys and data. | Data: {"action":"decrypt_text","output":""} | Trace: D:\laragon\www\Contoh-Enkripsi\process.php:371 logError()
[26-Oct-2025 14:07:37 Asia/Jakarta] 2025-10-26 14:07:37 [Process] Action: encrypt_file | Trace: D:\laragon\www\Contoh-Enkripsi\process.php:49 logError()
[26-Oct-2025 14:07:37 Asia/Jakarta] 2025-10-26 14:07:37 [FileEncrypt] Method=base64, Size=667060 | Trace: D:\laragon\www\Contoh-Enkripsi\CryptoEngine.php:578 logError() <- D:\laragon\www\Contoh-Enkripsi\process.php:241 encryptFile()
[26-Oct-2025 14:21:27 Asia/Jakarta] 2025-10-26 14:21:27 [Process] Action: encrypt_file | Trace: D:\laragon\www\Contoh-Enkripsi\process.php:49 logError()
[26-Oct-2025 14:21:27 Asia/Jakarta] 2025-10-26 14:21:27 [FileEncrypt] Method=base64, Size=667060 | Trace: D:\laragon\www\Contoh-Enkripsi\CryptoEngine.php:578 logError() <- D:\laragon\www\Contoh-Enkripsi\process.php:241 encryptFile()
[26-Oct-2025 14:28:10 Asia/Jakarta] 2025-10-26 14:28:10 [Process] Action: encrypt_file | Trace: D:\laragon\www\Contoh-Enkripsi\process.php:49 logError()
[26-Oct-2025 14:28:10 Asia/Jakarta] 2025-10-26 14:28:10 [FileEncrypt] Method=base64, Size=667060 | Trace: D:\laragon\www\Contoh-Enkripsi\CryptoEngine.php:578 logError() <- D:\laragon\www\Contoh-Enkripsi\process.php:241 encryptFile()
[26-Oct-2025 14:28:10 Asia/Jakarta] 2025-10-26 14:28:10 [PhpError] PHP Error: Undefined variable $timeEncrypt in D:\laragon\www\Contoh-Enkripsi\process.php on line 259 | Trace: D:\laragon\www\Contoh-Enkripsi\process.php:38 logError() <- D:\laragon\www\Contoh-Enkripsi\process.php:259 {closure:D:\laragon\www\Contoh-Enkripsi\process.php:35}()
[26-Oct-2025 14:28:10 Asia/Jakarta] PHP Warning:  Undefined variable $timeEncrypt in D:\laragon\www\Contoh-Enkripsi\process.php on line 259
[26-Oct-2025 14:28:10 Asia/Jakarta] 2025-10-26 14:28:10 [PhpError] PHP Error: number_format(): Passing null to parameter #1 ($num) of type float is deprecated in D:\laragon\www\Contoh-Enkripsi\process.php on line 259 | Trace: D:\laragon\www\Contoh-Enkripsi\process.php:38 logError() <- [internal]:0 {closure:D:\laragon\www\Contoh-Enkripsi\process.php:35}() <- D:\laragon\www\Contoh-Enkripsi\process.php:259 number_format()
[26-Oct-2025 14:28:10 Asia/Jakarta] PHP Deprecated:  number_format(): Passing null to parameter #1 ($num) of type float is deprecated in D:\laragon\www\Contoh-Enkripsi\process.php on line 259
[26-Oct-2025 14:28:10 Asia/Jakarta] 2025-10-26 14:28:10 [PhpError] PHP Error: Undefined variable $timeEncrypt in D:\laragon\www\Contoh-Enkripsi\process.php on line 273 | Trace: D:\laragon\www\Contoh-Enkripsi\process.php:38 logError() <- D:\laragon\www\Contoh-Enkripsi\process.php:273 {closure:D:\laragon\www\Contoh-Enkripsi\process.php:35}()
[26-Oct-2025 14:28:10 Asia/Jakarta] PHP Warning:  Undefined variable $timeEncrypt in D:\laragon\www\Contoh-Enkripsi\process.php on line 273
[26-Oct-2025 14:28:10 Asia/Jakarta] 2025-10-26 14:28:10 [PhpError] PHP Error: number_format(): Passing null to parameter #1 ($num) of type float is deprecated in D:\laragon\www\Contoh-Enkripsi\process.php on line 273 | Trace: D:\laragon\www\Contoh-Enkripsi\process.php:38 logError() <- [internal]:0 {closure:D:\laragon\www\Contoh-Enkripsi\process.php:35}() <- D:\laragon\www\Contoh-Enkripsi\process.php:273 number_format()
[26-Oct-2025 14:28:10 Asia/Jakarta] PHP Deprecated:  number_format(): Passing null to parameter #1 ($num) of type float is deprecated in D:\laragon\www\Contoh-Enkripsi\process.php on line 273
[26-Oct-2025 14:28:18 Asia/Jakarta] 2025-10-26 14:28:18 [Process] Action: encrypt_file | Trace: D:\laragon\www\Contoh-Enkripsi\process.php:49 logError()
[26-Oct-2025 14:28:18 Asia/Jakarta] 2025-10-26 14:28:18 [FileEncrypt] Method=base64, Size=667060 | Trace: D:\laragon\www\Contoh-Enkripsi\CryptoEngine.php:578 logError() <- D:\laragon\www\Contoh-Enkripsi\process.php:241 encryptFile()
[26-Oct-2025 14:28:18 Asia/Jakarta] 2025-10-26 14:28:18 [PhpError] PHP Error: Undefined variable $timeEncrypt in D:\laragon\www\Contoh-Enkripsi\process.php on line 259 | Trace: D:\laragon\www\Contoh-Enkripsi\process.php:38 logError() <- D:\laragon\www\Contoh-Enkripsi\process.php:259 {closure:D:\laragon\www\Contoh-Enkripsi\process.php:35}()
[26-Oct-2025 14:28:18 Asia/Jakarta] PHP Warning:  Undefined variable $timeEncrypt in D:\laragon\www\Contoh-Enkripsi\process.php on line 259
[26-Oct-2025 14:28:18 Asia/Jakarta] 2025-10-26 14:28:18 [PhpError] PHP Error: number_format(): Passing null to parameter #1 ($num) of type float is deprecated in D:\laragon\www\Contoh-Enkripsi\process.php on line 259 | Trace: D:\laragon\www\Contoh-Enkripsi\process.php:38 logError() <- [internal]:0 {closure:D:\laragon\www\Contoh-Enkripsi\process.php:35}() <- D:\laragon\www\Contoh-Enkripsi\process.php:259 number_format()
[26-Oct-2025 14:28:18 Asia/Jakarta] PHP Deprecated:  number_format(): Passing null to parameter #1 ($num) of type float is deprecated in D:\laragon\www\Contoh-Enkripsi\process.php on line 259
[26-Oct-2025 14:28:18 Asia/Jakarta] 2025-10-26 14:28:18 [PhpError] PHP Error: Undefined variable $timeEncrypt in D:\laragon\www\Contoh-Enkripsi\process.php on line 273 | Trace: D:\laragon\www\Contoh-Enkripsi\process.php:38 logError() <- D:\laragon\www\Contoh-Enkripsi\process.php:273 {closure:D:\laragon\www\Contoh-Enkripsi\process.php:35}()
[26-Oct-2025 14:28:18 Asia/Jakarta] PHP Warning:  Undefined variable $timeEncrypt in D:\laragon\www\Contoh-Enkripsi\process.php on line 273
[26-Oct-2025 14:28:18 Asia/Jakarta] 2025-10-26 14:28:18 [PhpError] PHP Error: number_format(): Passing null to parameter #1 ($num) of type float is deprecated in D:\laragon\www\Contoh-Enkripsi\process.php on line 273 | Trace: D:\laragon\www\Contoh-Enkripsi\process.php:38 logError() <- [internal]:0 {closure:D:\laragon\www\Contoh-Enkripsi\process.php:35}() <- D:\laragon\www\Contoh-Enkripsi\process.php:273 number_format()
[26-Oct-2025 14:28:18 Asia/Jakarta] PHP Deprecated:  number_format(): Passing null to parameter #1 ($num) of type float is deprecated in D:\laragon\www\Contoh-Enkripsi\process.php on line 273
[26-Oct-2025 14:29:04 Asia/Jakarta] 2025-10-26 14:29:04 [Process] Action: encrypt_file | Trace: D:\laragon\www\Contoh-Enkripsi\process.php:49 logError()
[26-Oct-2025 14:29:04 Asia/Jakarta] 2025-10-26 14:29:04 [FileEncrypt] Method=base64, Size=667060 | Trace: D:\laragon\www\Contoh-Enkripsi\CryptoEngine.php:578 logError() <- D:\laragon\www\Contoh-Enkripsi\process.php:241 encryptFile()
[26-Oct-2025 14:29:04 Asia/Jakarta] 2025-10-26 14:29:04 [PhpError] PHP Error: Undefined variable $timeEncrypt in D:\laragon\www\Contoh-Enkripsi\process.php on line 259 | Trace: D:\laragon\www\Contoh-Enkripsi\process.php:38 logError() <- D:\laragon\www\Contoh-Enkripsi\process.php:259 {closure:D:\laragon\www\Contoh-Enkripsi\process.php:35}()
[26-Oct-2025 14:29:04 Asia/Jakarta] PHP Warning:  Undefined variable $timeEncrypt in D:\laragon\www\Contoh-Enkripsi\process.php on line 259
[26-Oct-2025 14:29:04 Asia/Jakarta] 2025-10-26 14:29:04 [PhpError] PHP Error: number_format(): Passing null to parameter #1 ($num) of type float is deprecated in D:\laragon\www\Contoh-Enkripsi\process.php on line 259 | Trace: D:\laragon\www\Contoh-Enkripsi\process.php:38 logError() <- [internal]:0 {closure:D:\laragon\www\Contoh-Enkripsi\process.php:35}() <- D:\laragon\www\Contoh-Enkripsi\process.php:259 number_format()
[26-Oct-2025 14:29:04 Asia/Jakarta] PHP Deprecated:  number_format(): Passing null to parameter #1 ($num) of type float is deprecated in D:\laragon\www\Contoh-Enkripsi\process.php on line 259
[26-Oct-2025 14:29:05 Asia/Jakarta] 2025-10-26 14:29:05 [PhpError] PHP Error: Undefined variable $timeEncrypt in D:\laragon\www\Contoh-Enkripsi\process.php on line 273 | Trace: D:\laragon\www\Contoh-Enkripsi\process.php:38 logError() <- D:\laragon\www\Contoh-Enkripsi\process.php:273 {closure:D:\laragon\www\Contoh-Enkripsi\process.php:35}()
[26-Oct-2025 14:29:05 Asia/Jakarta] PHP Warning:  Undefined variable $timeEncrypt in D:\laragon\www\Contoh-Enkripsi\process.php on line 273
[26-Oct-2025 14:29:05 Asia/Jakarta] 2025-10-26 14:29:05 [PhpError] PHP Error: number_format(): Passing null to parameter #1 ($num) of type float is deprecated in D:\laragon\www\Contoh-Enkripsi\process.php on line 273 | Trace: D:\laragon\www\Contoh-Enkripsi\process.php:38 logError() <- [internal]:0 {closure:D:\laragon\www\Contoh-Enkripsi\process.php:35}() <- D:\laragon\www\Contoh-Enkripsi\process.php:273 number_format()
[26-Oct-2025 14:29:05 Asia/Jakarta] PHP Deprecated:  number_format(): Passing null to parameter #1 ($num) of type float is deprecated in D:\laragon\www\Contoh-Enkripsi\process.php on line 273
[26-Oct-2025 14:32:20 Asia/Jakarta] 2025-10-26 14:32:20 [Process] Action: encrypt_file | Trace: D:\laragon\www\Contoh-Enkripsi\process.php:49 logError()
[26-Oct-2025 14:32:20 Asia/Jakarta] 2025-10-26 14:32:20 [FileEncrypt] Method=base64, Size=667060 | Trace: D:\laragon\www\Contoh-Enkripsi\CryptoEngine.php:578 logError() <- D:\laragon\www\Contoh-Enkripsi\process.php:241 encryptFile()
[26-Oct-2025 14:32:20 Asia/Jakarta] 2025-10-26 14:32:20 [PhpError] PHP Error: Undefined variable $timeEncrypt in D:\laragon\www\Contoh-Enkripsi\process.php on line 259 | Trace: D:\laragon\www\Contoh-Enkripsi\process.php:38 logError() <- D:\laragon\www\Contoh-Enkripsi\process.php:259 {closure:D:\laragon\www\Contoh-Enkripsi\process.php:35}()
[26-Oct-2025 14:32:20 Asia/Jakarta] PHP Warning:  Undefined variable $timeEncrypt in D:\laragon\www\Contoh-Enkripsi\process.php on line 259
[26-Oct-2025 14:32:20 Asia/Jakarta] 2025-10-26 14:32:20 [PhpError] PHP Error: number_format(): Passing null to parameter #1 ($num) of type float is deprecated in D:\laragon\www\Contoh-Enkripsi\process.php on line 259 | Trace: D:\laragon\www\Contoh-Enkripsi\process.php:38 logError() <- [internal]:0 {closure:D:\laragon\www\Contoh-Enkripsi\process.php:35}() <- D:\laragon\www\Contoh-Enkripsi\process.php:259 number_format()
[26-Oct-2025 14:32:20 Asia/Jakarta] PHP Deprecated:  number_format(): Passing null to parameter #1 ($num) of type float is deprecated in D:\laragon\www\Contoh-Enkripsi\process.php on line 259
[26-Oct-2025 14:32:20 Asia/Jakarta] 2025-10-26 14:32:20 [PhpError] PHP Error: Undefined variable $timeEncrypt in D:\laragon\www\Contoh-Enkripsi\process.php on line 273 | Trace: D:\laragon\www\Contoh-Enkripsi\process.php:38 logError() <- D:\laragon\www\Contoh-Enkripsi\process.php:273 {closure:D:\laragon\www\Contoh-Enkripsi\process.php:35}()
[26-Oct-2025 14:32:20 Asia/Jakarta] PHP Warning:  Undefined variable $timeEncrypt in D:\laragon\www\Contoh-Enkripsi\process.php on line 273
[26-Oct-2025 14:32:20 Asia/Jakarta] 2025-10-26 14:32:20 [PhpError] PHP Error: number_format(): Passing null to parameter #1 ($num) of type float is deprecated in D:\laragon\www\Contoh-Enkripsi\process.php on line 273 | Trace: D:\laragon\www\Contoh-Enkripsi\process.php:38 logError() <- [internal]:0 {closure:D:\laragon\www\Contoh-Enkripsi\process.php:35}() <- D:\laragon\www\Contoh-Enkripsi\process.php:273 number_format()
[26-Oct-2025 14:32:20 Asia/Jakarta] PHP Deprecated:  number_format(): Passing null to parameter #1 ($num) of type float is deprecated in D:\laragon\www\Contoh-Enkripsi\process.php on line 273
[26-Oct-2025 14:32:35 Asia/Jakarta] 2025-10-26 14:32:35 [Process] Action: encrypt_file | Trace: D:\laragon\www\Contoh-Enkripsi\process.php:49 logError()
[26-Oct-2025 14:32:35 Asia/Jakarta] 2025-10-26 14:32:35 [FileEncrypt] Method=base64, Size=667060 | Trace: D:\laragon\www\Contoh-Enkripsi\CryptoEngine.php:578 logError() <- D:\laragon\www\Contoh-Enkripsi\process.php:241 encryptFile()
[26-Oct-2025 14:32:35 Asia/Jakarta] 2025-10-26 14:32:35 [PhpError] PHP Error: Undefined variable $timeEncrypt in D:\laragon\www\Contoh-Enkripsi\process.php on line 259 | Trace: D:\laragon\www\Contoh-Enkripsi\process.php:38 logError() <- D:\laragon\www\Contoh-Enkripsi\process.php:259 {closure:D:\laragon\www\Contoh-Enkripsi\process.php:35}()
[26-Oct-2025 14:32:35 Asia/Jakarta] PHP Warning:  Undefined variable $timeEncrypt in D:\laragon\www\Contoh-Enkripsi\process.php on line 259
[26-Oct-2025 14:32:35 Asia/Jakarta] 2025-10-26 14:32:35 [PhpError] PHP Error: number_format(): Passing null to parameter #1 ($num) of type float is deprecated in D:\laragon\www\Contoh-Enkripsi\process.php on line 259 | Trace: D:\laragon\www\Contoh-Enkripsi\process.php:38 logError() <- [internal]:0 {closure:D:\laragon\www\Contoh-Enkripsi\process.php:35}() <- D:\laragon\www\Contoh-Enkripsi\process.php:259 number_format()
[26-Oct-2025 14:32:35 Asia/Jakarta] PHP Deprecated:  number_format(): Passing null to parameter #1 ($num) of type float is deprecated in D:\laragon\www\Contoh-Enkripsi\process.php on line 259
[26-Oct-2025 14:32:35 Asia/Jakarta] 2025-10-26 14:32:35 [PhpError] PHP Error: Undefined variable $timeEncrypt in D:\laragon\www\Contoh-Enkripsi\process.php on line 273 | Trace: D:\laragon\www\Contoh-Enkripsi\process.php:38 logError() <- D:\laragon\www\Contoh-Enkripsi\process.php:273 {closure:D:\laragon\www\Contoh-Enkripsi\process.php:35}()
[26-Oct-2025 14:32:35 Asia/Jakarta] PHP Warning:  Undefined variable $timeEncrypt in D:\laragon\www\Contoh-Enkripsi\process.php on line 273
[26-Oct-2025 14:32:35 Asia/Jakarta] 2025-10-26 14:32:35 [PhpError] PHP Error: number_format(): Passing null to parameter #1 ($num) of type float is deprecated in D:\laragon\www\Contoh-Enkripsi\process.php on line 273 | Trace: D:\laragon\www\Contoh-Enkripsi\process.php:38 logError() <- [internal]:0 {closure:D:\laragon\www\Contoh-Enkripsi\process.php:35}() <- D:\laragon\www\Contoh-Enkripsi\process.php:273 number_format()
[26-Oct-2025 14:32:35 Asia/Jakarta] PHP Deprecated:  number_format(): Passing null to parameter #1 ($num) of type float is deprecated in D:\laragon\www\Contoh-Enkripsi\process.php on line 273
[26-Oct-2025 14:33:42 Asia/Jakarta] 2025-10-26 14:33:42 [Process] Action: encrypt_file | Trace: D:\laragon\www\Contoh-Enkripsi\process.php:49 logError()
[26-Oct-2025 14:33:42 Asia/Jakarta] 2025-10-26 14:33:42 [FileEncrypt] Method=base64, Size=667060 | Trace: D:\laragon\www\Contoh-Enkripsi\CryptoEngine.php:578 logError() <- D:\laragon\www\Contoh-Enkripsi\process.php:241 encryptFile()
[26-Oct-2025 14:33:42 Asia/Jakarta] 2025-10-26 14:33:42 [PhpError] PHP Error: Undefined variable $timeEncrypt in D:\laragon\www\Contoh-Enkripsi\process.php on line 273 | Trace: D:\laragon\www\Contoh-Enkripsi\process.php:38 logError() <- D:\laragon\www\Contoh-Enkripsi\process.php:273 {closure:D:\laragon\www\Contoh-Enkripsi\process.php:35}()
[26-Oct-2025 14:33:42 Asia/Jakarta] PHP Warning:  Undefined variable $timeEncrypt in D:\laragon\www\Contoh-Enkripsi\process.php on line 273
[26-Oct-2025 14:33:42 Asia/Jakarta] 2025-10-26 14:33:42 [PhpError] PHP Error: number_format(): Passing null to parameter #1 ($num) of type float is deprecated in D:\laragon\www\Contoh-Enkripsi\process.php on line 273 | Trace: D:\laragon\www\Contoh-Enkripsi\process.php:38 logError() <- [internal]:0 {closure:D:\laragon\www\Contoh-Enkripsi\process.php:35}() <- D:\laragon\www\Contoh-Enkripsi\process.php:273 number_format()
[26-Oct-2025 14:33:42 Asia/Jakarta] PHP Deprecated:  number_format(): Passing null to parameter #1 ($num) of type float is deprecated in D:\laragon\www\Contoh-Enkripsi\process.php on line 273
[26-Oct-2025 14:33:54 Asia/Jakarta] 2025-10-26 14:33:54 [Process] Action: encrypt_file | Trace: D:\laragon\www\Contoh-Enkripsi\process.php:49 logError()
[26-Oct-2025 14:33:54 Asia/Jakarta] 2025-10-26 14:33:54 [FileEncrypt] Method=base64, Size=667060 | Trace: D:\laragon\www\Contoh-Enkripsi\CryptoEngine.php:578 logError() <- D:\laragon\www\Contoh-Enkripsi\process.php:241 encryptFile()
[26-Oct-2025 14:33:54 Asia/Jakarta] 2025-10-26 14:33:54 [PhpError] PHP Error: Undefined variable $timeEncrypt in D:\laragon\www\Contoh-Enkripsi\process.php on line 273 | Trace: D:\laragon\www\Contoh-Enkripsi\process.php:38 logError() <- D:\laragon\www\Contoh-Enkripsi\process.php:273 {closure:D:\laragon\www\Contoh-Enkripsi\process.php:35}()
[26-Oct-2025 14:33:54 Asia/Jakarta] PHP Warning:  Undefined variable $timeEncrypt in D:\laragon\www\Contoh-Enkripsi\process.php on line 273
[26-Oct-2025 14:33:54 Asia/Jakarta] 2025-10-26 14:33:54 [PhpError] PHP Error: number_format(): Passing null to parameter #1 ($num) of type float is deprecated in D:\laragon\www\Contoh-Enkripsi\process.php on line 273 | Trace: D:\laragon\www\Contoh-Enkripsi\process.php:38 logError() <- [internal]:0 {closure:D:\laragon\www\Contoh-Enkripsi\process.php:35}() <- D:\laragon\www\Contoh-Enkripsi\process.php:273 number_format()
[26-Oct-2025 14:33:54 Asia/Jakarta] PHP Deprecated:  number_format(): Passing null to parameter #1 ($num) of type float is deprecated in D:\laragon\www\Contoh-Enkripsi\process.php on line 273
[26-Oct-2025 14:33:57 Asia/Jakarta] 2025-10-26 14:33:57 [Process] Action: encrypt_file | Trace: D:\laragon\www\Contoh-Enkripsi\process.php:49 logError()
[26-Oct-2025 14:33:57 Asia/Jakarta] 2025-10-26 14:33:57 [FileEncrypt] Method=base64, Size=667060 | Trace: D:\laragon\www\Contoh-Enkripsi\CryptoEngine.php:578 logError() <- D:\laragon\www\Contoh-Enkripsi\process.php:241 encryptFile()
[26-Oct-2025 14:33:57 Asia/Jakarta] 2025-10-26 14:33:57 [PhpError] PHP Error: Undefined variable $timeEncrypt in D:\laragon\www\Contoh-Enkripsi\process.php on line 273 | Trace: D:\laragon\www\Contoh-Enkripsi\process.php:38 logError() <- D:\laragon\www\Contoh-Enkripsi\process.php:273 {closure:D:\laragon\www\Contoh-Enkripsi\process.php:35}()
[26-Oct-2025 14:33:57 Asia/Jakarta] PHP Warning:  Undefined variable $timeEncrypt in D:\laragon\www\Contoh-Enkripsi\process.php on line 273
[26-Oct-2025 14:33:57 Asia/Jakarta] 2025-10-26 14:33:57 [PhpError] PHP Error: number_format(): Passing null to parameter #1 ($num) of type float is deprecated in D:\laragon\www\Contoh-Enkripsi\process.php on line 273 | Trace: D:\laragon\www\Contoh-Enkripsi\process.php:38 logError() <- [internal]:0 {closure:D:\laragon\www\Contoh-Enkripsi\process.php:35}() <- D:\laragon\www\Contoh-Enkripsi\process.php:273 number_format()
[26-Oct-2025 14:33:57 Asia/Jakarta] PHP Deprecated:  number_format(): Passing null to parameter #1 ($num) of type float is deprecated in D:\laragon\www\Contoh-Enkripsi\process.php on line 273
[26-Oct-2025 14:34:36 Asia/Jakarta] 2025-10-26 14:34:36 [Process] Action: encrypt_file | Trace: D:\laragon\www\Contoh-Enkripsi\process.php:49 logError()
[26-Oct-2025 14:34:36 Asia/Jakarta] 2025-10-26 14:34:36 [FileEncrypt] Method=base64, Size=667060 | Trace: D:\laragon\www\Contoh-Enkripsi\CryptoEngine.php:578 logError() <- D:\laragon\www\Contoh-Enkripsi\process.php:241 encryptFile()
[26-Oct-2025 14:42:27 Asia/Jakarta] 2025-10-26 14:42:27 [Process] Action: encrypt_text | Trace: D:\laragon\www\Contoh-Enkripsi\process.php:49 logError()
[26-Oct-2025 14:48:12 Asia/Jakarta] 2025-10-26 14:48:12 [Process] Action: encrypt_text | Trace: D:\laragon\www\Contoh-Enkripsi\process.php:49 logError()
[26-Oct-2025 14:49:08 Asia/Jakarta] 2025-10-26 14:49:08 [Process] Action: encrypt_file | Trace: D:\laragon\www\Contoh-Enkripsi\process.php:49 logError()
[26-Oct-2025 14:49:08 Asia/Jakarta] 2025-10-26 14:49:08 [FileEncrypt] Method=aes-gcm, Size=667060 | Trace: D:\laragon\www\Contoh-Enkripsi\CryptoEngine.php:578 logError() <- D:\laragon\www\Contoh-Enkripsi\process.php:251 encryptFile()
[26-Oct-2025 14:53:08 Asia/Jakarta] 2025-10-26 14:53:08 [Process] Action: encrypt_text | Trace: D:\laragon\www\Contoh-Enkripsi\process.php:49 logError()
[26-Oct-2025 14:58:32 Asia/Jakarta] 2025-10-26 14:58:32 [Process] Action: encrypt_text | Trace: D:\laragon\www\Contoh-Enkripsi\process.php:49 logError()
[26-Oct-2025 14:58:32 Asia/Jakarta] 2025-10-26 14:58:32 [PhpError] PHP Error: Undefined variable $originalSize in D:\laragon\www\Contoh-Enkripsi\process.php on line 139 | Trace: D:\laragon\www\Contoh-Enkripsi\process.php:38 logError() <- D:\laragon\www\Contoh-Enkripsi\process.php:139 {closure:D:\laragon\www\Contoh-Enkripsi\process.php:35}()
[26-Oct-2025 14:58:32 Asia/Jakarta] PHP Warning:  Undefined variable $originalSize in D:\laragon\www\Contoh-Enkripsi\process.php on line 139
[26-Oct-2025 14:58:43 Asia/Jakarta] 2025-10-26 14:58:43 [Process] Action: encrypt_text | Trace: D:\laragon\www\Contoh-Enkripsi\process.php:49 logError()
[26-Oct-2025 14:58:43 Asia/Jakarta] 2025-10-26 14:58:43 [PhpError] PHP Error: Undefined variable $originalSize in D:\laragon\www\Contoh-Enkripsi\process.php on line 139 | Trace: D:\laragon\www\Contoh-Enkripsi\process.php:38 logError() <- D:\laragon\www\Contoh-Enkripsi\process.php:139 {closure:D:\laragon\www\Contoh-Enkripsi\process.php:35}()
[26-Oct-2025 14:58:43 Asia/Jakarta] PHP Warning:  Undefined variable $originalSize in D:\laragon\www\Contoh-Enkripsi\process.php on line 139
[26-Oct-2025 14:59:13 Asia/Jakarta] 2025-10-26 14:59:13 [Process] Action: encrypt_text | Trace: D:\laragon\www\Contoh-Enkripsi\process.php:49 logError()
[26-Oct-2025 14:59:39 Asia/Jakarta] 2025-10-26 14:59:39 [Process] Action: encrypt_text | Trace: D:\laragon\www\Contoh-Enkripsi\process.php:49 logError()
[26-Oct-2025 14:59:39 Asia/Jakarta] 2025-10-26 14:59:39 [PhpError] PHP Error: Undefined variable $originalSize in D:\laragon\www\Contoh-Enkripsi\process.php on line 140 | Trace: D:\laragon\www\Contoh-Enkripsi\process.php:38 logError() <- D:\laragon\www\Contoh-Enkripsi\process.php:140 {closure:D:\laragon\www\Contoh-Enkripsi\process.php:35}()
[26-Oct-2025 14:59:39 Asia/Jakarta] PHP Warning:  Undefined variable $originalSize in D:\laragon\www\Contoh-Enkripsi\process.php on line 140
[26-Oct-2025 14:59:43 Asia/Jakarta] 2025-10-26 14:59:43 [Process] Action: encrypt_text | Trace: D:\laragon\www\Contoh-Enkripsi\process.php:49 logError()
[26-Oct-2025 14:59:43 Asia/Jakarta] 2025-10-26 14:59:43 [PhpError] PHP Error: Undefined variable $originalSize in D:\laragon\www\Contoh-Enkripsi\process.php on line 140 | Trace: D:\laragon\www\Contoh-Enkripsi\process.php:38 logError() <- D:\laragon\www\Contoh-Enkripsi\process.php:140 {closure:D:\laragon\www\Contoh-Enkripsi\process.php:35}()
[26-Oct-2025 14:59:43 Asia/Jakarta] PHP Warning:  Undefined variable $originalSize in D:\laragon\www\Contoh-Enkripsi\process.php on line 140
[26-Oct-2025 15:03:42 Asia/Jakarta] 2025-10-26 15:03:42 [Process] Action: encrypt_text | Trace: D:\laragon\www\Contoh-Enkripsi\process.php:49 logError()
[26-Oct-2025 15:05:20 Asia/Jakarta] 2025-10-26 15:05:20 [Process] Action: encrypt_text | Trace: D:\laragon\www\Contoh-Enkripsi\process.php:49 logError()
[26-Oct-2025 15:05:28 Asia/Jakarta] 2025-10-26 15:05:28 [Process] Action: encrypt_text | Trace: D:\laragon\www\Contoh-Enkripsi\process.php:49 logError()
[26-Oct-2025 15:05:28 Asia/Jakarta] 2025-10-26 15:05:28 [ProcessError] Public key required for HYBRID | Data: {"action":"encrypt_text","output":""} | Trace: D:\laragon\www\Contoh-Enkripsi\process.php:390 logError()
[26-Oct-2025 15:05:36 Asia/Jakarta] 2025-10-26 15:05:36 [Process] Action: encrypt_text | Trace: D:\laragon\www\Contoh-Enkripsi\process.php:49 logError()
[26-Oct-2025 15:05:36 Asia/Jakarta] 2025-10-26 15:05:36 [ProcessError] Public key required for HYBRID | Data: {"action":"encrypt_text","output":""} | Trace: D:\laragon\www\Contoh-Enkripsi\process.php:390 logError()
[26-Oct-2025 15:12:14 Asia/Jakarta] 2025-10-26 15:12:14 [Process] Action: encrypt_text | Trace: D:\laragon\www\Contoh-Enkripsi\process.php:49 logError()
[26-Oct-2025 15:12:14 Asia/Jakarta] 2025-10-26 15:12:14 [ProcessError] Public key required for HYBRID | Data: {"action":"encrypt_text","output":""} | Trace: D:\laragon\www\Contoh-Enkripsi\process.php:390 logError()
[26-Oct-2025 15:14:07 Asia/Jakarta] 2025-10-26 15:14:07 [Process] Action: encrypt_text | Trace: D:\laragon\www\Contoh-Enkripsi\process.php:49 logError()
[26-Oct-2025 15:14:07 Asia/Jakarta] 2025-10-26 15:14:07 [ProcessError] Public key required for RSA | Data: {"action":"encrypt_text","output":""} | Trace: D:\laragon\www\Contoh-Enkripsi\process.php:390 logError()
[26-Oct-2025 15:14:12 Asia/Jakarta] 2025-10-26 15:14:12 [Process] Action: encrypt_text | Trace: D:\laragon\www\Contoh-Enkripsi\process.php:49 logError()
[26-Oct-2025 15:14:12 Asia/Jakarta] 2025-10-26 15:14:12 [ProcessError] Public key required for RSA | Data: {"action":"encrypt_text","output":""} | Trace: D:\laragon\www\Contoh-Enkripsi\process.php:390 logError()
[26-Oct-2025 15:20:15 Asia/Jakarta] 2025-10-26 15:20:15 [Process] Action: encrypt_text | Trace: D:\laragon\www\Contoh-Enkripsi\process.php:49 logError()
[26-Oct-2025 15:20:15 Asia/Jakarta] 2025-10-26 15:20:15 [ProcessError] Public key required for HYBRID | Data: {"action":"encrypt_text","output":""} | Trace: D:\laragon\www\Contoh-Enkripsi\process.php:390 logError()
[26-Oct-2025 15:22:26 Asia/Jakarta] 2025-10-26 15:22:26 [Process] Action: encrypt_text | Trace: D:\laragon\www\Contoh-Enkripsi\process.php:49 logError()
[26-Oct-2025 15:22:26 Asia/Jakarta] 2025-10-26 15:22:26 [ProcessError] Public key required for RSA | Data: {"action":"encrypt_text","output":""} | Trace: D:\laragon\www\Contoh-Enkripsi\process.php:390 logError()
[26-Oct-2025 15:22:31 Asia/Jakarta] 2025-10-26 15:22:31 [Process] Action: encrypt_text | Trace: D:\laragon\www\Contoh-Enkripsi\process.php:49 logError()
[26-Oct-2025 15:22:31 Asia/Jakarta] 2025-10-26 15:22:31 [ProcessError] Public key required for RSA | Data: {"action":"encrypt_text","output":""} | Trace: D:\laragon\www\Contoh-Enkripsi\process.php:390 logError()
[26-Oct-2025 15:26:09 Asia/Jakarta] 2025-10-26 15:26:09 [Process] Action: encrypt_text | Trace: D:\laragon\www\Contoh-Enkripsi\process.php:49 logError()
[26-Oct-2025 15:26:09 Asia/Jakarta] 2025-10-26 15:26:09 [PhpError] PHP Error: Function openssl_free_key() is deprecated since 8.0, as OpenSSLAsymmetricKey objects are freed automatically in D:\laragon\www\Contoh-Enkripsi\CryptoEngine.php on line 386 | Trace: D:\laragon\www\Contoh-Enkripsi\process.php:38 logError() <- D:\laragon\www\Contoh-Enkripsi\CryptoEngine.php:386 {closure:D:\laragon\www\Contoh-Enkripsi\process.php:35}() <- D:\laragon\www\Contoh-Enkripsi\process.php:109 encryptRSA4096()
[26-Oct-2025 15:26:09 Asia/Jakarta] PHP Deprecated:  Function openssl_free_key() is deprecated since 8.0, as OpenSSLAsymmetricKey objects are freed automatically in D:\laragon\www\Contoh-Enkripsi\CryptoEngine.php on line 386
[26-Oct-2025 15:26:11 Asia/Jakarta] 2025-10-26 15:26:11 [Process] Action: encrypt_text | Trace: D:\laragon\www\Contoh-Enkripsi\process.php:49 logError()
[26-Oct-2025 15:26:11 Asia/Jakarta] 2025-10-26 15:26:11 [PhpError] PHP Error: Function openssl_free_key() is deprecated since 8.0, as OpenSSLAsymmetricKey objects are freed automatically in D:\laragon\www\Contoh-Enkripsi\CryptoEngine.php on line 386 | Trace: D:\laragon\www\Contoh-Enkripsi\process.php:38 logError() <- D:\laragon\www\Contoh-Enkripsi\CryptoEngine.php:386 {closure:D:\laragon\www\Contoh-Enkripsi\process.php:35}() <- D:\laragon\www\Contoh-Enkripsi\process.php:109 encryptRSA4096()
[26-Oct-2025 15:26:11 Asia/Jakarta] PHP Deprecated:  Function openssl_free_key() is deprecated since 8.0, as OpenSSLAsymmetricKey objects are freed automatically in D:\laragon\www\Contoh-Enkripsi\CryptoEngine.php on line 386
[26-Oct-2025 15:28:05 Asia/Jakarta] 2025-10-26 15:28:05 [Process] Action: encrypt_text | Trace: D:\laragon\www\Contoh-Enkripsi\process.php:49 logError()
[26-Oct-2025 15:59:02 Asia/Jakarta] 2025-10-26 15:59:02 [Process] Action: encrypt_text | Trace: D:\laragon\www\Contoh-Enkripsi\process.php:49 logError()
[26-Oct-2025 15:59:24 Asia/Jakarta] 2025-10-26 15:59:24 [Process] Action: encrypt_text | Trace: D:\laragon\www\Contoh-Enkripsi\process.php:49 logError()
[26-Oct-2025 15:59:32 Asia/Jakarta] 2025-10-26 15:59:32 [Process] Action: encrypt_text | Trace: D:\laragon\www\Contoh-Enkripsi\process.php:49 logError()
[26-Oct-2025 15:59:32 Asia/Jakarta] 2025-10-26 15:59:32 [ProcessError] Secret key required for TRIPLELAYER | Data: {"action":"encrypt_text","output":""} | Trace: D:\laragon\www\Contoh-Enkripsi\process.php:390 logError()
[26-Oct-2025 15:59:40 Asia/Jakarta] 2025-10-26 15:59:40 [Process] Action: encrypt_text | Trace: D:\laragon\www\Contoh-Enkripsi\process.php:49 logError()
[26-Oct-2025 16:00:27 Asia/Jakarta] 2025-10-26 16:00:27 [Process] Action: encrypt_file | Trace: D:\laragon\www\Contoh-Enkripsi\process.php:49 logError()
[26-Oct-2025 16:00:27 Asia/Jakarta] 2025-10-26 16:00:27 [FileEncrypt] Method=hybrid, Size=667060 | Trace: D:\laragon\www\Contoh-Enkripsi\CryptoEngine.php:577 logError() <- D:\laragon\www\Contoh-Enkripsi\process.php:252 encryptFile()
[26-Oct-2025 16:00:56 Asia/Jakarta] 2025-10-26 16:00:56 [Process] Action: encrypt_file | Trace: D:\laragon\www\Contoh-Enkripsi\process.php:49 logError()
[26-Oct-2025 16:00:56 Asia/Jakarta] 2025-10-26 16:00:56 [FileEncrypt] Method=hybrid, Size=667060 | Trace: D:\laragon\www\Contoh-Enkripsi\CryptoEngine.php:577 logError() <- D:\laragon\www\Contoh-Enkripsi\process.php:252 encryptFile()
[26-Oct-2025 16:00:57 Asia/Jakarta] 2025-10-26 16:00:57 [Process] Action: encrypt_file | Trace: D:\laragon\www\Contoh-Enkripsi\process.php:49 logError()
[26-Oct-2025 16:00:57 Asia/Jakarta] 2025-10-26 16:00:57 [FileEncrypt] Method=hybrid, Size=667060 | Trace: D:\laragon\www\Contoh-Enkripsi\CryptoEngine.php:577 logError() <- D:\laragon\www\Contoh-Enkripsi\process.php:252 encryptFile()
[26-Oct-2025 16:00:57 Asia/Jakarta] 2025-10-26 16:00:57 [Process] Action: encrypt_file | Trace: D:\laragon\www\Contoh-Enkripsi\process.php:49 logError()
[26-Oct-2025 16:00:57 Asia/Jakarta] 2025-10-26 16:00:57 [FileEncrypt] Method=hybrid, Size=667060 | Trace: D:\laragon\www\Contoh-Enkripsi\CryptoEngine.php:577 logError() <- D:\laragon\www\Contoh-Enkripsi\process.php:252 encryptFile()
[26-Oct-2025 16:00:57 Asia/Jakarta] 2025-10-26 16:00:57 [Process] Action: encrypt_file | Trace: D:\laragon\www\Contoh-Enkripsi\process.php:49 logError()
[26-Oct-2025 16:00:57 Asia/Jakarta] 2025-10-26 16:00:57 [FileEncrypt] Method=hybrid, Size=667060 | Trace: D:\laragon\www\Contoh-Enkripsi\CryptoEngine.php:577 logError() <- D:\laragon\www\Contoh-Enkripsi\process.php:252 encryptFile()
[26-Oct-2025 16:00:57 Asia/Jakarta] 2025-10-26 16:00:57 [Process] Action: encrypt_file | Trace: D:\laragon\www\Contoh-Enkripsi\process.php:49 logError()
[26-Oct-2025 16:00:57 Asia/Jakarta] 2025-10-26 16:00:57 [FileEncrypt] Method=hybrid, Size=667060 | Trace: D:\laragon\www\Contoh-Enkripsi\CryptoEngine.php:577 logError() <- D:\laragon\www\Contoh-Enkripsi\process.php:252 encryptFile()
[26-Oct-2025 16:00:58 Asia/Jakarta] 2025-10-26 16:00:58 [Process] Action: encrypt_file | Trace: D:\laragon\www\Contoh-Enkripsi\process.php:49 logError()
[26-Oct-2025 16:00:58 Asia/Jakarta] 2025-10-26 16:00:58 [FileEncrypt] Method=hybrid, Size=667060 | Trace: D:\laragon\www\Contoh-Enkripsi\CryptoEngine.php:577 logError() <- D:\laragon\www\Contoh-Enkripsi\process.php:252 encryptFile()
[26-Oct-2025 16:00:58 Asia/Jakarta] 2025-10-26 16:00:58 [Process] Action: encrypt_file | Trace: D:\laragon\www\Contoh-Enkripsi\process.php:49 logError()
[26-Oct-2025 16:00:58 Asia/Jakarta] 2025-10-26 16:00:58 [FileEncrypt] Method=hybrid, Size=667060 | Trace: D:\laragon\www\Contoh-Enkripsi\CryptoEngine.php:577 logError() <- D:\laragon\www\Contoh-Enkripsi\process.php:252 encryptFile()
[26-Oct-2025 16:00:58 Asia/Jakarta] 2025-10-26 16:00:58 [Process] Action: encrypt_file | Trace: D:\laragon\www\Contoh-Enkripsi\process.php:49 logError()
[26-Oct-2025 16:00:58 Asia/Jakarta] 2025-10-26 16:00:58 [FileEncrypt] Method=hybrid, Size=667060 | Trace: D:\laragon\www\Contoh-Enkripsi\CryptoEngine.php:577 logError() <- D:\laragon\www\Contoh-Enkripsi\process.php:252 encryptFile()
[26-Oct-2025 16:00:58 Asia/Jakarta] 2025-10-26 16:00:58 [Process] Action: encrypt_file | Trace: D:\laragon\www\Contoh-Enkripsi\process.php:49 logError()
[26-Oct-2025 16:00:58 Asia/Jakarta] 2025-10-26 16:00:58 [FileEncrypt] Method=hybrid, Size=667060 | Trace: D:\laragon\www\Contoh-Enkripsi\CryptoEngine.php:577 logError() <- D:\laragon\www\Contoh-Enkripsi\process.php:252 encryptFile()
[26-Oct-2025 16:00:58 Asia/Jakarta] 2025-10-26 16:00:58 [Process] Action: encrypt_file | Trace: D:\laragon\www\Contoh-Enkripsi\process.php:49 logError()
[26-Oct-2025 16:00:58 Asia/Jakarta] 2025-10-26 16:00:58 [FileEncrypt] Method=hybrid, Size=667060 | Trace: D:\laragon\www\Contoh-Enkripsi\CryptoEngine.php:577 logError() <- D:\laragon\www\Contoh-Enkripsi\process.php:252 encryptFile()
[26-Oct-2025 16:00:59 Asia/Jakarta] 2025-10-26 16:00:59 [Process] Action: encrypt_file | Trace: D:\laragon\www\Contoh-Enkripsi\process.php:49 logError()
[26-Oct-2025 16:00:59 Asia/Jakarta] 2025-10-26 16:00:59 [FileEncrypt] Method=hybrid, Size=667060 | Trace: D:\laragon\www\Contoh-Enkripsi\CryptoEngine.php:577 logError() <- D:\laragon\www\Contoh-Enkripsi\process.php:252 encryptFile()
[26-Oct-2025 16:00:59 Asia/Jakarta] 2025-10-26 16:00:59 [Process] Action: encrypt_file | Trace: D:\laragon\www\Contoh-Enkripsi\process.php:49 logError()
[26-Oct-2025 16:00:59 Asia/Jakarta] 2025-10-26 16:00:59 [FileEncrypt] Method=hybrid, Size=667060 | Trace: D:\laragon\www\Contoh-Enkripsi\CryptoEngine.php:577 logError() <- D:\laragon\www\Contoh-Enkripsi\process.php:252 encryptFile()
[26-Oct-2025 16:03:07 Asia/Jakarta] 2025-10-26 16:03:07 [Process] Action: encrypt_text | Trace: D:\laragon\www\Contoh-Enkripsi\process.php:49 logError()
[26-Oct-2025 16:03:30 Asia/Jakarta] 2025-10-26 16:03:30 [Process] Action: encrypt_text | Trace: D:\laragon\www\Contoh-Enkripsi\process.php:49 logError()
[26-Oct-2025 16:04:32 Asia/Jakarta] 2025-10-26 16:04:32 [Process] Action: encrypt_text | Trace: D:\laragon\www\Contoh-Enkripsi\process.php:49 logError()
[26-Oct-2025 16:04:39 Asia/Jakarta] 2025-10-26 16:04:39 [Process] Action: encrypt_text | Trace: D:\laragon\www\Contoh-Enkripsi\process.php:49 logError()
[26-Oct-2025 16:04:40 Asia/Jakarta] 2025-10-26 16:04:40 [Process] Action: encrypt_text | Trace: D:\laragon\www\Contoh-Enkripsi\process.php:49 logError()
[26-Oct-2025 16:04:41 Asia/Jakarta] 2025-10-26 16:04:41 [Process] Action: encrypt_text | Trace: D:\laragon\www\Contoh-Enkripsi\process.php:49 logError()
[26-Oct-2025 16:04:41 Asia/Jakarta] 2025-10-26 16:04:41 [Process] Action: encrypt_text | Trace: D:\laragon\www\Contoh-Enkripsi\process.php:49 logError()
[26-Oct-2025 16:04:55 Asia/Jakarta] 2025-10-26 16:04:55 [Process] Action: encrypt_text | Trace: D:\laragon\www\Contoh-Enkripsi\process.php:49 logError()
[26-Oct-2025 16:05:41 Asia/Jakarta] 2025-10-26 16:05:41 [Process] Action: encrypt_text | Trace: D:\laragon\www\Contoh-Enkripsi\process.php:49 logError()
[26-Oct-2025 16:06:19 Asia/Jakarta] 2025-10-26 16:06:19 [Process] Action: encrypt_text | Trace: D:\laragon\www\Contoh-Enkripsi\process.php:49 logError()
[26-Oct-2025 16:06:52 Asia/Jakarta] 2025-10-26 16:06:52 [Process] Action: encrypt_text | Trace: D:\laragon\www\Contoh-Enkripsi\process.php:49 logError()
[26-Oct-2025 16:06:53 Asia/Jakarta] 2025-10-26 16:06:53 [Process] Action: encrypt_text | Trace: D:\laragon\www\Contoh-Enkripsi\process.php:49 logError()
[26-Oct-2025 16:06:53 Asia/Jakarta] 2025-10-26 16:06:53 [Process] Action: encrypt_text | Trace: D:\laragon\www\Contoh-Enkripsi\process.php:49 logError()
[26-Oct-2025 16:06:55 Asia/Jakarta] 2025-10-26 16:06:55 [Process] Action: encrypt_text | Trace: D:\laragon\www\Contoh-Enkripsi\process.php:49 logError()
[26-Oct-2025 16:06:55 Asia/Jakarta] 2025-10-26 16:06:55 [Process] Action: encrypt_text | Trace: D:\laragon\www\Contoh-Enkripsi\process.php:49 logError()
[26-Oct-2025 16:06:56 Asia/Jakarta] 2025-10-26 16:06:56 [Process] Action: encrypt_text | Trace: D:\laragon\www\Contoh-Enkripsi\process.php:49 logError()
[26-Oct-2025 16:06:56 Asia/Jakarta] 2025-10-26 16:06:56 [Process] Action: encrypt_text | Trace: D:\laragon\www\Contoh-Enkripsi\process.php:49 logError()
[26-Oct-2025 16:06:59 Asia/Jakarta] 2025-10-26 16:06:59 [Process] Action: encrypt_text | Trace: D:\laragon\www\Contoh-Enkripsi\process.php:49 logError()
[26-Oct-2025 16:06:59 Asia/Jakarta] 2025-10-26 16:06:59 [Process] Action: encrypt_text | Trace: D:\laragon\www\Contoh-Enkripsi\process.php:49 logError()
[26-Oct-2025 16:07:00 Asia/Jakarta] 2025-10-26 16:07:00 [Process] Action: encrypt_text | Trace: D:\laragon\www\Contoh-Enkripsi\process.php:49 logError()
[26-Oct-2025 16:07:00 Asia/Jakarta] 2025-10-26 16:07:00 [Process] Action: encrypt_text | Trace: D:\laragon\www\Contoh-Enkripsi\process.php:49 logError()
[26-Oct-2025 16:07:01 Asia/Jakarta] 2025-10-26 16:07:01 [Process] Action: encrypt_text | Trace: D:\laragon\www\Contoh-Enkripsi\process.php:49 logError()
[26-Oct-2025 16:07:02 Asia/Jakarta] 2025-10-26 16:07:02 [Process] Action: encrypt_text | Trace: D:\laragon\www\Contoh-Enkripsi\process.php:49 logError()
[26-Oct-2025 16:07:02 Asia/Jakarta] 2025-10-26 16:07:02 [Process] Action: encrypt_text | Trace: D:\laragon\www\Contoh-Enkripsi\process.php:49 logError()
[26-Oct-2025 16:07:03 Asia/Jakarta] 2025-10-26 16:07:03 [Process] Action: encrypt_text | Trace: D:\laragon\www\Contoh-Enkripsi\process.php:49 logError()
[26-Oct-2025 16:07:03 Asia/Jakarta] 2025-10-26 16:07:03 [Process] Action: encrypt_text | Trace: D:\laragon\www\Contoh-Enkripsi\process.php:49 logError()
[26-Oct-2025 16:07:27 Asia/Jakarta] 2025-10-26 16:07:27 [Process] Action: encrypt_text | Trace: D:\laragon\www\Contoh-Enkripsi\process.php:49 logError()
[26-Oct-2025 16:07:52 Asia/Jakarta] 2025-10-26 16:07:52 [Process] Action: encrypt_text | Trace: D:\laragon\www\Contoh-Enkripsi\process.php:49 logError()
[26-Oct-2025 16:07:53 Asia/Jakarta] 2025-10-26 16:07:53 [Process] Action: encrypt_text | Trace: D:\laragon\www\Contoh-Enkripsi\process.php:49 logError()
[26-Oct-2025 16:07:54 Asia/Jakarta] 2025-10-26 16:07:54 [Process] Action: encrypt_text | Trace: D:\laragon\www\Contoh-Enkripsi\process.php:49 logError()
[26-Oct-2025 16:07:54 Asia/Jakarta] 2025-10-26 16:07:54 [Process] Action: encrypt_text | Trace: D:\laragon\www\Contoh-Enkripsi\process.php:49 logError()
[26-Oct-2025 16:07:55 Asia/Jakarta] 2025-10-26 16:07:55 [Process] Action: encrypt_text | Trace: D:\laragon\www\Contoh-Enkripsi\process.php:49 logError()
[26-Oct-2025 16:07:55 Asia/Jakarta] 2025-10-26 16:07:55 [Process] Action: encrypt_text | Trace: D:\laragon\www\Contoh-Enkripsi\process.php:49 logError()
[26-Oct-2025 16:07:55 Asia/Jakarta] 2025-10-26 16:07:55 [Process] Action: encrypt_text | Trace: D:\laragon\www\Contoh-Enkripsi\process.php:49 logError()
[26-Oct-2025 16:07:55 Asia/Jakarta] 2025-10-26 16:07:55 [Process] Action: encrypt_text | Trace: D:\laragon\www\Contoh-Enkripsi\process.php:49 logError()
[26-Oct-2025 16:07:56 Asia/Jakarta] 2025-10-26 16:07:56 [Process] Action: encrypt_text | Trace: D:\laragon\www\Contoh-Enkripsi\process.php:49 logError()
[26-Oct-2025 16:07:56 Asia/Jakarta] 2025-10-26 16:07:56 [Process] Action: encrypt_text | Trace: D:\laragon\www\Contoh-Enkripsi\process.php:49 logError()
[26-Oct-2025 16:07:58 Asia/Jakarta] 2025-10-26 16:07:58 [Process] Action: encrypt_text | Trace: D:\laragon\www\Contoh-Enkripsi\process.php:49 logError()
[26-Oct-2025 16:07:58 Asia/Jakarta] 2025-10-26 16:07:58 [Process] Action: encrypt_text | Trace: D:\laragon\www\Contoh-Enkripsi\process.php:49 logError()
[26-Oct-2025 16:07:59 Asia/Jakarta] 2025-10-26 16:07:59 [Process] Action: encrypt_text | Trace: D:\laragon\www\Contoh-Enkripsi\process.php:49 logError()
[26-Oct-2025 16:08:00 Asia/Jakarta] 2025-10-26 16:08:00 [Process] Action: encrypt_text | Trace: D:\laragon\www\Contoh-Enkripsi\process.php:49 logError()
[26-Oct-2025 16:08:00 Asia/Jakarta] 2025-10-26 16:08:00 [Process] Action: encrypt_text | Trace: D:\laragon\www\Contoh-Enkripsi\process.php:49 logError()
[26-Oct-2025 16:08:01 Asia/Jakarta] 2025-10-26 16:08:01 [Process] Action: encrypt_text | Trace: D:\laragon\www\Contoh-Enkripsi\process.php:49 logError()
[26-Oct-2025 16:08:02 Asia/Jakarta] 2025-10-26 16:08:02 [Process] Action: encrypt_text | Trace: D:\laragon\www\Contoh-Enkripsi\process.php:49 logError()
[26-Oct-2025 16:08:02 Asia/Jakarta] 2025-10-26 16:08:02 [Process] Action: encrypt_text | Trace: D:\laragon\www\Contoh-Enkripsi\process.php:49 logError()
[26-Oct-2025 16:08:03 Asia/Jakarta] 2025-10-26 16:08:03 [Process] Action: encrypt_text | Trace: D:\laragon\www\Contoh-Enkripsi\process.php:49 logError()
[26-Oct-2025 16:08:04 Asia/Jakarta] 2025-10-26 16:08:04 [Process] Action: encrypt_text | Trace: D:\laragon\www\Contoh-Enkripsi\process.php:49 logError()
[26-Oct-2025 16:08:05 Asia/Jakarta] 2025-10-26 16:08:05 [Process] Action: encrypt_text | Trace: D:\laragon\www\Contoh-Enkripsi\process.php:49 logError()
[26-Oct-2025 16:09:01 Asia/Jakarta] 2025-10-26 16:09:01 [Process] Action: encrypt_text | Trace: D:\laragon\www\Contoh-Enkripsi\process.php:49 logError()
[26-Oct-2025 16:09:35 Asia/Jakarta] 2025-10-26 16:09:35 [Process] Action: encrypt_text | Trace: D:\laragon\www\Contoh-Enkripsi\process.php:49 logError()
[26-Oct-2025 16:09:42 Asia/Jakarta] 2025-10-26 16:09:42 [Process] Action: encrypt_text | Trace: D:\laragon\www\Contoh-Enkripsi\process.php:49 logError()
[26-Oct-2025 16:09:48 Asia/Jakarta] 2025-10-26 16:09:48 [Process] Action: encrypt_text | Trace: D:\laragon\www\Contoh-Enkripsi\process.php:49 logError()
[26-Oct-2025 16:09:53 Asia/Jakarta] 2025-10-26 16:09:53 [Process] Action: encrypt_text | Trace: D:\laragon\www\Contoh-Enkripsi\process.php:49 logError()
[26-Oct-2025 16:10:25 Asia/Jakarta] 2025-10-26 16:10:25 [Process] Action: encrypt_text | Trace: D:\laragon\www\Contoh-Enkripsi\process.php:49 logError()
[26-Oct-2025 16:10:28 Asia/Jakarta] 2025-10-26 16:10:28 [Process] Action: encrypt_text | Trace: D:\laragon\www\Contoh-Enkripsi\process.php:49 logError()
[26-Oct-2025 16:10:29 Asia/Jakarta] 2025-10-26 16:10:29 [Process] Action: encrypt_text | Trace: D:\laragon\www\Contoh-Enkripsi\process.php:49 logError()
[26-Oct-2025 16:10:29 Asia/Jakarta] 2025-10-26 16:10:29 [Process] Action: encrypt_text | Trace: D:\laragon\www\Contoh-Enkripsi\process.php:49 logError()
[26-Oct-2025 16:10:30 Asia/Jakarta] 2025-10-26 16:10:30 [Process] Action: encrypt_text | Trace: D:\laragon\www\Contoh-Enkripsi\process.php:49 logError()
[26-Oct-2025 16:10:31 Asia/Jakarta] 2025-10-26 16:10:31 [Process] Action: encrypt_text | Trace: D:\laragon\www\Contoh-Enkripsi\process.php:49 logError()
[26-Oct-2025 16:10:31 Asia/Jakarta] 2025-10-26 16:10:31 [Process] Action: encrypt_text | Trace: D:\laragon\www\Contoh-Enkripsi\process.php:49 logError()
[26-Oct-2025 16:10:32 Asia/Jakarta] 2025-10-26 16:10:32 [Process] Action: encrypt_text | Trace: D:\laragon\www\Contoh-Enkripsi\process.php:49 logError()
[26-Oct-2025 16:11:19 Asia/Jakarta] 2025-10-26 16:11:19 [Process] Action: encrypt_text | Trace: D:\laragon\www\Contoh-Enkripsi\process.php:49 logError()
[26-Oct-2025 16:11:50 Asia/Jakarta] 2025-10-26 16:11:50 [Process] Action: encrypt_text | Trace: D:\laragon\www\Contoh-Enkripsi\process.php:49 logError()
[26-Oct-2025 16:11:51 Asia/Jakarta] 2025-10-26 16:11:51 [Process] Action: encrypt_text | Trace: D:\laragon\www\Contoh-Enkripsi\process.php:49 logError()
[26-Oct-2025 16:11:52 Asia/Jakarta] 2025-10-26 16:11:52 [Process] Action: encrypt_text | Trace: D:\laragon\www\Contoh-Enkripsi\process.php:49 logError()
[26-Oct-2025 16:11:53 Asia/Jakarta] 2025-10-26 16:11:53 [Process] Action: encrypt_text | Trace: D:\laragon\www\Contoh-Enkripsi\process.php:49 logError()
[26-Oct-2025 16:11:54 Asia/Jakarta] 2025-10-26 16:11:54 [Process] Action: encrypt_text | Trace: D:\laragon\www\Contoh-Enkripsi\process.php:49 logError()
[26-Oct-2025 16:11:54 Asia/Jakarta] 2025-10-26 16:11:54 [Process] Action: encrypt_text | Trace: D:\laragon\www\Contoh-Enkripsi\process.php:49 logError()
[26-Oct-2025 16:11:54 Asia/Jakarta] 2025-10-26 16:11:54 [Process] Action: encrypt_text | Trace: D:\laragon\www\Contoh-Enkripsi\process.php:49 logError()
[26-Oct-2025 16:11:55 Asia/Jakarta] 2025-10-26 16:11:55 [Process] Action: encrypt_text | Trace: D:\laragon\www\Contoh-Enkripsi\process.php:49 logError()
[26-Oct-2025 16:11:55 Asia/Jakarta] 2025-10-26 16:11:55 [Process] Action: encrypt_text | Trace: D:\laragon\www\Contoh-Enkripsi\process.php:49 logError()
[26-Oct-2025 16:11:55 Asia/Jakarta] 2025-10-26 16:11:55 [Process] Action: encrypt_text | Trace: D:\laragon\www\Contoh-Enkripsi\process.php:49 logError()
[26-Oct-2025 16:11:56 Asia/Jakarta] 2025-10-26 16:11:56 [Process] Action: encrypt_text | Trace: D:\laragon\www\Contoh-Enkripsi\process.php:49 logError()
[26-Oct-2025 16:11:56 Asia/Jakarta] 2025-10-26 16:11:56 [Process] Action: encrypt_text | Trace: D:\laragon\www\Contoh-Enkripsi\process.php:49 logError()
[26-Oct-2025 16:11:56 Asia/Jakarta] 2025-10-26 16:11:56 [Process] Action: encrypt_text | Trace: D:\laragon\www\Contoh-Enkripsi\process.php:49 logError()
[26-Oct-2025 16:11:57 Asia/Jakarta] 2025-10-26 16:11:57 [Process] Action: encrypt_text | Trace: D:\laragon\www\Contoh-Enkripsi\process.php:49 logError()
[26-Oct-2025 16:12:08 Asia/Jakarta] 2025-10-26 16:12:08 [Process] Action: encrypt_text | Trace: D:\laragon\www\Contoh-Enkripsi\process.php:49 logError()
[26-Oct-2025 16:13:07 Asia/Jakarta] 2025-10-26 16:13:07 [Process] Action: encrypt_text | Trace: D:\laragon\www\Contoh-Enkripsi\process.php:49 logError()
[26-Oct-2025 16:13:09 Asia/Jakarta] 2025-10-26 16:13:09 [Process] Action: encrypt_text | Trace: D:\laragon\www\Contoh-Enkripsi\process.php:49 logError()
[26-Oct-2025 16:13:10 Asia/Jakarta] 2025-10-26 16:13:10 [Process] Action: encrypt_text | Trace: D:\laragon\www\Contoh-Enkripsi\process.php:49 logError()
[26-Oct-2025 16:13:10 Asia/Jakarta] 2025-10-26 16:13:10 [Process] Action: encrypt_text | Trace: D:\laragon\www\Contoh-Enkripsi\process.php:49 logError()
[26-Oct-2025 16:13:11 Asia/Jakarta] 2025-10-26 16:13:11 [Process] Action: encrypt_text | Trace: D:\laragon\www\Contoh-Enkripsi\process.php:49 logError()
[26-Oct-2025 16:13:11 Asia/Jakarta] 2025-10-26 16:13:11 [Process] Action: encrypt_text | Trace: D:\laragon\www\Contoh-Enkripsi\process.php:49 logError()
[26-Oct-2025 16:13:12 Asia/Jakarta] 2025-10-26 16:13:12 [Process] Action: encrypt_text | Trace: D:\laragon\www\Contoh-Enkripsi\process.php:49 logError()
[26-Oct-2025 16:13:12 Asia/Jakarta] 2025-10-26 16:13:12 [Process] Action: encrypt_text | Trace: D:\laragon\www\Contoh-Enkripsi\process.php:49 logError()
[26-Oct-2025 16:13:13 Asia/Jakarta] 2025-10-26 16:13:13 [Process] Action: encrypt_text | Trace: D:\laragon\www\Contoh-Enkripsi\process.php:49 logError()
[26-Oct-2025 16:13:14 Asia/Jakarta] 2025-10-26 16:13:14 [Process] Action: encrypt_text | Trace: D:\laragon\www\Contoh-Enkripsi\process.php:49 logError()
[26-Oct-2025 16:13:15 Asia/Jakarta] 2025-10-26 16:13:15 [Process] Action: encrypt_text | Trace: D:\laragon\www\Contoh-Enkripsi\process.php:49 logError()
[26-Oct-2025 16:13:16 Asia/Jakarta] 2025-10-26 16:13:16 [Process] Action: encrypt_text | Trace: D:\laragon\www\Contoh-Enkripsi\process.php:49 logError()
[26-Oct-2025 16:13:18 Asia/Jakarta] 2025-10-26 16:13:18 [Process] Action: encrypt_text | Trace: D:\laragon\www\Contoh-Enkripsi\process.php:49 logError()
[26-Oct-2025 16:13:19 Asia/Jakarta] 2025-10-26 16:13:19 [Process] Action: encrypt_text | Trace: D:\laragon\www\Contoh-Enkripsi\process.php:49 logError()
[26-Oct-2025 16:13:20 Asia/Jakarta] 2025-10-26 16:13:20 [Process] Action: encrypt_text | Trace: D:\laragon\www\Contoh-Enkripsi\process.php:49 logError()
[26-Oct-2025 16:13:20 Asia/Jakarta] 2025-10-26 16:13:20 [Process] Action: encrypt_text | Trace: D:\laragon\www\Contoh-Enkripsi\process.php:49 logError()
[26-Oct-2025 16:14:16 Asia/Jakarta] 2025-10-26 16:14:16 [Process] Action: encrypt_file | Trace: D:\laragon\www\Contoh-Enkripsi\process.php:49 logError()
[26-Oct-2025 16:14:16 Asia/Jakarta] 2025-10-26 16:14:16 [FileEncrypt] Method=fullchain, Size=667060 | Trace: D:\laragon\www\Contoh-Enkripsi\CryptoEngine.php:577 logError() <- D:\laragon\www\Contoh-Enkripsi\process.php:252 encryptFile()
[26-Oct-2025 16:16:13 Asia/Jakarta] 2025-10-26 16:16:13 [Process] Action: encrypt_text | Trace: D:\laragon\www\Contoh-Enkripsi\process.php:49 logError()
[26-Oct-2025 16:16:19 Asia/Jakarta] 2025-10-26 16:16:19 [Process] Action: encrypt_text | Trace: D:\laragon\www\Contoh-Enkripsi\process.php:49 logError()
[26-Oct-2025 16:16:19 Asia/Jakarta] 2025-10-26 16:16:19 [Process] Action: encrypt_text | Trace: D:\laragon\www\Contoh-Enkripsi\process.php:49 logError()
[26-Oct-2025 16:16:20 Asia/Jakarta] 2025-10-26 16:16:20 [Process] Action: encrypt_text | Trace: D:\laragon\www\Contoh-Enkripsi\process.php:49 logError()
[26-Oct-2025 16:17:11 Asia/Jakarta] 2025-10-26 16:17:11 [Process] Action: encrypt_text | Trace: D:\laragon\www\Contoh-Enkripsi\process.php:49 logError()
[26-Oct-2025 16:17:14 Asia/Jakarta] 2025-10-26 16:17:14 [Process] Action: encrypt_text | Trace: D:\laragon\www\Contoh-Enkripsi\process.php:49 logError()
[26-Oct-2025 16:17:14 Asia/Jakarta] 2025-10-26 16:17:14 [Process] Action: encrypt_text | Trace: D:\laragon\www\Contoh-Enkripsi\process.php:49 logError()
[26-Oct-2025 16:17:15 Asia/Jakarta] 2025-10-26 16:17:15 [Process] Action: encrypt_text | Trace: D:\laragon\www\Contoh-Enkripsi\process.php:49 logError()
[26-Oct-2025 16:19:40 Asia/Jakarta] 2025-10-26 16:19:40 [Process] Action: encrypt_text | Trace: D:\laragon\www\Contoh-Enkripsi\process.php:49 logError()
[26-Oct-2025 16:20:17 Asia/Jakarta] 2025-10-26 16:20:17 [Process] Action: encrypt_text | Trace: D:\laragon\www\Contoh-Enkripsi\process.php:49 logError()
[26-Oct-2025 16:20:20 Asia/Jakarta] 2025-10-26 16:20:20 [Process] Action: encrypt_text | Trace: D:\laragon\www\Contoh-Enkripsi\process.php:49 logError()
[26-Oct-2025 16:20:21 Asia/Jakarta] 2025-10-26 16:20:21 [Process] Action: encrypt_text | Trace: D:\laragon\www\Contoh-Enkripsi\process.php:49 logError()
[26-Oct-2025 16:20:29 Asia/Jakarta] 2025-10-26 16:20:29 [Process] Action: encrypt_text | Trace: D:\laragon\www\Contoh-Enkripsi\process.php:49 logError()
[26-Oct-2025 16:20:29 Asia/Jakarta] 2025-10-26 16:20:29 [Process] Action: encrypt_text | Trace: D:\laragon\www\Contoh-Enkripsi\process.php:49 logError()
[26-Oct-2025 16:20:30 Asia/Jakarta] 2025-10-26 16:20:30 [Process] Action: encrypt_text | Trace: D:\laragon\www\Contoh-Enkripsi\process.php:49 logError()
[26-Oct-2025 16:20:30 Asia/Jakarta] 2025-10-26 16:20:30 [Process] Action: encrypt_text | Trace: D:\laragon\www\Contoh-Enkripsi\process.php:49 logError()
[26-Oct-2025 16:20:31 Asia/Jakarta] 2025-10-26 16:20:31 [Process] Action: encrypt_text | Trace: D:\laragon\www\Contoh-Enkripsi\process.php:49 logError()
[26-Oct-2025 16:20:32 Asia/Jakarta] 2025-10-26 16:20:32 [Process] Action: encrypt_text | Trace: D:\laragon\www\Contoh-Enkripsi\process.php:49 logError()
[26-Oct-2025 16:20:32 Asia/Jakarta] 2025-10-26 16:20:32 [Process] Action: encrypt_text | Trace: D:\laragon\www\Contoh-Enkripsi\process.php:49 logError()
[26-Oct-2025 16:20:32 Asia/Jakarta] 2025-10-26 16:20:32 [Process] Action: encrypt_text | Trace: D:\laragon\www\Contoh-Enkripsi\process.php:49 logError()
[26-Oct-2025 16:20:33 Asia/Jakarta] 2025-10-26 16:20:33 [Process] Action: encrypt_text | Trace: D:\laragon\www\Contoh-Enkripsi\process.php:49 logError()
[26-Oct-2025 16:20:33 Asia/Jakarta] 2025-10-26 16:20:33 [Process] Action: encrypt_text | Trace: D:\laragon\www\Contoh-Enkripsi\process.php:49 logError()
[26-Oct-2025 16:20:34 Asia/Jakarta] 2025-10-26 16:20:34 [Process] Action: encrypt_text | Trace: D:\laragon\www\Contoh-Enkripsi\process.php:49 logError()
[26-Oct-2025 16:20:35 Asia/Jakarta] 2025-10-26 16:20:35 [Process] Action: encrypt_text | Trace: D:\laragon\www\Contoh-Enkripsi\process.php:49 logError()
[26-Oct-2025 16:20:35 Asia/Jakarta] 2025-10-26 16:20:35 [Process] Action: encrypt_text | Trace: D:\laragon\www\Contoh-Enkripsi\process.php:49 logError()
[26-Oct-2025 16:20:36 Asia/Jakarta] 2025-10-26 16:20:36 [Process] Action: encrypt_text | Trace: D:\laragon\www\Contoh-Enkripsi\process.php:49 logError()
[26-Oct-2025 16:20:36 Asia/Jakarta] 2025-10-26 16:20:36 [Process] Action: encrypt_text | Trace: D:\laragon\www\Contoh-Enkripsi\process.php:49 logError()
[26-Oct-2025 16:20:37 Asia/Jakarta] 2025-10-26 16:20:37 [Process] Action: encrypt_text | Trace: D:\laragon\www\Contoh-Enkripsi\process.php:49 logError()
[26-Oct-2025 16:20:37 Asia/Jakarta] 2025-10-26 16:20:37 [Process] Action: encrypt_text | Trace: D:\laragon\www\Contoh-Enkripsi\process.php:49 logError()
[26-Oct-2025 16:21:06 Asia/Jakarta] 2025-10-26 16:21:06 [Process] Action: encrypt_text | Trace: D:\laragon\www\Contoh-Enkripsi\process.php:49 logError()
[26-Oct-2025 16:30:35 Asia/Jakarta] 2025-10-26 16:30:35 [Process] Action: encrypt_file | Trace: D:\laragon\www\Contoh-Enkripsi\process.php:49 logError()
[26-Oct-2025 16:30:35 Asia/Jakarta] 2025-10-26 16:30:35 [FileEncrypt] Method=aes-gcm, Size=667060 | Trace: D:\laragon\www\Contoh-Enkripsi\CryptoEngine.php:577 logError() <- D:\laragon\www\Contoh-Enkripsi\process.php:252 encryptFile()
[26-Oct-2025 16:30:55 Asia/Jakarta] 2025-10-26 16:30:55 [Process] Action: encrypt_file | Trace: D:\laragon\www\Contoh-Enkripsi\process.php:49 logError()
[26-Oct-2025 16:30:55 Asia/Jakarta] 2025-10-26 16:30:55 [FileEncrypt] Method=aes-gcm, Size=667060 | Trace: D:\laragon\www\Contoh-Enkripsi\CryptoEngine.php:577 logError() <- D:\laragon\www\Contoh-Enkripsi\process.php:252 encryptFile()
[26-Oct-2025 16:30:55 Asia/Jakarta] 2025-10-26 16:30:55 [Process] Action: encrypt_file | Trace: D:\laragon\www\Contoh-Enkripsi\process.php:49 logError()
[26-Oct-2025 16:30:55 Asia/Jakarta] 2025-10-26 16:30:55 [FileEncrypt] Method=aes-gcm, Size=667060 | Trace: D:\laragon\www\Contoh-Enkripsi\CryptoEngine.php:577 logError() <- D:\laragon\www\Contoh-Enkripsi\process.php:252 encryptFile()
[26-Oct-2025 16:30:56 Asia/Jakarta] 2025-10-26 16:30:56 [Process] Action: encrypt_file | Trace: D:\laragon\www\Contoh-Enkripsi\process.php:49 logError()
[26-Oct-2025 16:30:56 Asia/Jakarta] 2025-10-26 16:30:56 [FileEncrypt] Method=aes-gcm, Size=667060 | Trace: D:\laragon\www\Contoh-Enkripsi\CryptoEngine.php:577 logError() <- D:\laragon\www\Contoh-Enkripsi\process.php:252 encryptFile()
[26-Oct-2025 16:30:56 Asia/Jakarta] 2025-10-26 16:30:56 [Process] Action: encrypt_file | Trace: D:\laragon\www\Contoh-Enkripsi\process.php:49 logError()
[26-Oct-2025 16:30:56 Asia/Jakarta] 2025-10-26 16:30:56 [FileEncrypt] Method=aes-gcm, Size=667060 | Trace: D:\laragon\www\Contoh-Enkripsi\CryptoEngine.php:577 logError() <- D:\laragon\www\Contoh-Enkripsi\process.php:252 encryptFile()
[26-Oct-2025 16:30:57 Asia/Jakarta] 2025-10-26 16:30:57 [Process] Action: encrypt_file | Trace: D:\laragon\www\Contoh-Enkripsi\process.php:49 logError()
[26-Oct-2025 16:30:57 Asia/Jakarta] 2025-10-26 16:30:57 [FileEncrypt] Method=aes-gcm, Size=667060 | Trace: D:\laragon\www\Contoh-Enkripsi\CryptoEngine.php:577 logError() <- D:\laragon\www\Contoh-Enkripsi\process.php:252 encryptFile()
[26-Oct-2025 16:30:58 Asia/Jakarta] 2025-10-26 16:30:58 [Process] Action: encrypt_file | Trace: D:\laragon\www\Contoh-Enkripsi\process.php:49 logError()
[26-Oct-2025 16:30:58 Asia/Jakarta] 2025-10-26 16:30:58 [FileEncrypt] Method=aes-gcm, Size=667060 | Trace: D:\laragon\www\Contoh-Enkripsi\CryptoEngine.php:577 logError() <- D:\laragon\www\Contoh-Enkripsi\process.php:252 encryptFile()
[26-Oct-2025 16:30:58 Asia/Jakarta] 2025-10-26 16:30:58 [Process] Action: encrypt_file | Trace: D:\laragon\www\Contoh-Enkripsi\process.php:49 logError()
[26-Oct-2025 16:30:58 Asia/Jakarta] 2025-10-26 16:30:58 [FileEncrypt] Method=aes-gcm, Size=667060 | Trace: D:\laragon\www\Contoh-Enkripsi\CryptoEngine.php:577 logError() <- D:\laragon\www\Contoh-Enkripsi\process.php:252 encryptFile()
[26-Oct-2025 16:30:59 Asia/Jakarta] 2025-10-26 16:30:59 [Process] Action: encrypt_file | Trace: D:\laragon\www\Contoh-Enkripsi\process.php:49 logError()
[26-Oct-2025 16:30:59 Asia/Jakarta] 2025-10-26 16:30:59 [FileEncrypt] Method=aes-gcm, Size=667060 | Trace: D:\laragon\www\Contoh-Enkripsi\CryptoEngine.php:577 logError() <- D:\laragon\www\Contoh-Enkripsi\process.php:252 encryptFile()
[26-Oct-2025 16:30:59 Asia/Jakarta] 2025-10-26 16:30:59 [Process] Action: encrypt_file | Trace: D:\laragon\www\Contoh-Enkripsi\process.php:49 logError()
[26-Oct-2025 16:30:59 Asia/Jakarta] 2025-10-26 16:30:59 [FileEncrypt] Method=aes-gcm, Size=667060 | Trace: D:\laragon\www\Contoh-Enkripsi\CryptoEngine.php:577 logError() <- D:\laragon\www\Contoh-Enkripsi\process.php:252 encryptFile()
[26-Oct-2025 16:31:00 Asia/Jakarta] 2025-10-26 16:31:00 [Process] Action: encrypt_file | Trace: D:\laragon\www\Contoh-Enkripsi\process.php:49 logError()
[26-Oct-2025 16:31:00 Asia/Jakarta] 2025-10-26 16:31:00 [FileEncrypt] Method=aes-gcm, Size=667060 | Trace: D:\laragon\www\Contoh-Enkripsi\CryptoEngine.php:577 logError() <- D:\laragon\www\Contoh-Enkripsi\process.php:252 encryptFile()
[26-Oct-2025 16:33:34 Asia/Jakarta] 2025-10-26 16:33:34 [Process] Action: encrypt_file | Trace: D:\laragon\www\Contoh-Enkripsi\process.php:49 logError()
[26-Oct-2025 16:33:34 Asia/Jakarta] 2025-10-26 16:33:34 [FileEncrypt] Method=aes-gcm, Size=94357 | Trace: D:\laragon\www\Contoh-Enkripsi\CryptoEngine.php:577 logError() <- D:\laragon\www\Contoh-Enkripsi\process.php:252 encryptFile()
[26-Oct-2025 16:36:13 Asia/Jakarta] 2025-10-26 16:36:13 [Process] Action: encrypt_file | Trace: D:\laragon\www\Contoh-Enkripsi\process.php:49 logError()
[26-Oct-2025 16:36:13 Asia/Jakarta] 2025-10-26 16:36:13 [FileEncrypt] Method=aes-cbc, Size=94357 | Trace: D:\laragon\www\Contoh-Enkripsi\CryptoEngine.php:577 logError() <- D:\laragon\www\Contoh-Enkripsi\process.php:252 encryptFile()
[26-Oct-2025 16:37:27 Asia/Jakarta] 2025-10-26 16:37:27 [Process] Action: encrypt_file | Trace: D:\laragon\www\Contoh-Enkripsi\process.php:49 logError()
[26-Oct-2025 16:37:27 Asia/Jakarta] 2025-10-26 16:37:27 [FileEncrypt] Method=camellia, Size=94357 | Trace: D:\laragon\www\Contoh-Enkripsi\CryptoEngine.php:577 logError() <- D:\laragon\www\Contoh-Enkripsi\process.php:252 encryptFile()
[26-Oct-2025 16:38:15 Asia/Jakarta] 2025-10-26 16:38:15 [Process] Action: encrypt_file | Trace: D:\laragon\www\Contoh-Enkripsi\process.php:49 logError()
[26-Oct-2025 16:38:15 Asia/Jakarta] 2025-10-26 16:38:15 [FileEncrypt] Method=camellia, Size=94357 | Trace: D:\laragon\www\Contoh-Enkripsi\CryptoEngine.php:577 logError() <- D:\laragon\www\Contoh-Enkripsi\process.php:252 encryptFile()
[26-Oct-2025 16:38:43 Asia/Jakarta] 2025-10-26 16:38:43 [Process] Action: encrypt_file | Trace: D:\laragon\www\Contoh-Enkripsi\process.php:49 logError()
[26-Oct-2025 16:38:43 Asia/Jakarta] 2025-10-26 16:38:43 [FileEncrypt] Method=hybrid, Size=94357 | Trace: D:\laragon\www\Contoh-Enkripsi\CryptoEngine.php:577 logError() <- D:\laragon\www\Contoh-Enkripsi\process.php:252 encryptFile()
[26-Oct-2025 16:39:43 Asia/Jakarta] 2025-10-26 16:39:43 [Process] Action: encrypt_file | Trace: D:\laragon\www\Contoh-Enkripsi\process.php:49 logError()
[26-Oct-2025 16:39:43 Asia/Jakarta] 2025-10-26 16:39:43 [FileEncrypt] Method=fullchain, Size=94357 | Trace: D:\laragon\www\Contoh-Enkripsi\CryptoEngine.php:577 logError() <- D:\laragon\www\Contoh-Enkripsi\process.php:252 encryptFile()
[26-Oct-2025 16:41:14 Asia/Jakarta] 2025-10-26 16:41:14 [Process] Action: encrypt_file | Trace: D:\laragon\www\Contoh-Enkripsi\process.php:49 logError()
[26-Oct-2025 16:41:14 Asia/Jakarta] 2025-10-26 16:41:14 [FileEncrypt] Method=triplelayer, Size=94357 | Trace: D:\laragon\www\Contoh-Enkripsi\CryptoEngine.php:577 logError() <- D:\laragon\www\Contoh-Enkripsi\process.php:252 encryptFile()
[26-Oct-2025 16:42:45 Asia/Jakarta] 2025-10-26 16:42:45 [Process] Action: encrypt_file | Trace: D:\laragon\www\Contoh-Enkripsi\process.php:49 logError()
[26-Oct-2025 16:42:45 Asia/Jakarta] 2025-10-26 16:42:45 [FileEncrypt] Method=aes-cbc, Size=667060 | Trace: D:\laragon\www\Contoh-Enkripsi\CryptoEngine.php:577 logError() <- D:\laragon\www\Contoh-Enkripsi\process.php:252 encryptFile()
[26-Oct-2025 16:43:30 Asia/Jakarta] 2025-10-26 16:43:30 [Process] Action: encrypt_file | Trace: D:\laragon\www\Contoh-Enkripsi\process.php:49 logError()
[26-Oct-2025 16:43:30 Asia/Jakarta] 2025-10-26 16:43:30 [FileEncrypt] Method=camellia, Size=667060 | Trace: D:\laragon\www\Contoh-Enkripsi\CryptoEngine.php:577 logError() <- D:\laragon\www\Contoh-Enkripsi\process.php:252 encryptFile()
[26-Oct-2025 16:44:15 Asia/Jakarta] 2025-10-26 16:44:15 [Process] Action: encrypt_file | Trace: D:\laragon\www\Contoh-Enkripsi\process.php:49 logError()
[26-Oct-2025 16:44:15 Asia/Jakarta] 2025-10-26 16:44:15 [FileEncrypt] Method=hybrid, Size=667060 | Trace: D:\laragon\www\Contoh-Enkripsi\CryptoEngine.php:577 logError() <- D:\laragon\www\Contoh-Enkripsi\process.php:252 encryptFile()
[26-Oct-2025 16:44:47 Asia/Jakarta] 2025-10-26 16:44:47 [Process] Action: encrypt_file | Trace: D:\laragon\www\Contoh-Enkripsi\process.php:49 logError()
[26-Oct-2025 16:44:47 Asia/Jakarta] 2025-10-26 16:44:47 [FileEncrypt] Method=fullchain, Size=667060 | Trace: D:\laragon\www\Contoh-Enkripsi\CryptoEngine.php:577 logError() <- D:\laragon\www\Contoh-Enkripsi\process.php:252 encryptFile()
[26-Oct-2025 16:45:27 Asia/Jakarta] 2025-10-26 16:45:27 [Process] Action: encrypt_file | Trace: D:\laragon\www\Contoh-Enkripsi\process.php:49 logError()
[26-Oct-2025 16:45:27 Asia/Jakarta] 2025-10-26 16:45:27 [FileEncrypt] Method=triplelayer, Size=667060 | Trace: D:\laragon\www\Contoh-Enkripsi\CryptoEngine.php:577 logError() <- D:\laragon\www\Contoh-Enkripsi\process.php:252 encryptFile()
[26-Oct-2025 16:48:15 Asia/Jakarta] 2025-10-26 16:48:15 [Process] Action: decrypt_text | Trace: D:\laragon\www\Contoh-Enkripsi\process.php:49 logError()
[26-Oct-2025 16:48:24 Asia/Jakarta] 2025-10-26 16:48:24 [Process] Action: decrypt_text | Trace: D:\laragon\www\Contoh-Enkripsi\process.php:49 logError()
[26-Oct-2025 16:48:24 Asia/Jakarta] 2025-10-26 16:48:24 [PhpError] PHP Error: hex2bin(): Input string must be hexadecimal string in D:\laragon\www\Contoh-Enkripsi\CryptoEngine.php on line 52 | Trace: D:\laragon\www\Contoh-Enkripsi\process.php:38 logError() <- [internal]:0 {closure:D:\laragon\www\Contoh-Enkripsi\process.php:35}() <- D:\laragon\www\Contoh-Enkripsi\CryptoEngine.php:52 hex2bin() <- D:\laragon\www\Contoh-Enkripsi\process.php:175 decodeHex()
[26-Oct-2025 16:48:24 Asia/Jakarta] 2025-10-26 16:48:24 [HexDecode] Invalid Hex | Trace: D:\laragon\www\Contoh-Enkripsi\CryptoEngine.php:56 logError() <- D:\laragon\www\Contoh-Enkripsi\process.php:175 decodeHex()
[26-Oct-2025 16:48:24 Asia/Jakarta] 2025-10-26 16:48:24 [ProcessError] Decryption failed. Check keys and data. | Data: {"action":"decrypt_text","output":""} | Trace: D:\laragon\www\Contoh-Enkripsi\process.php:390 logError()
[26-Oct-2025 16:48:27 Asia/Jakarta] 2025-10-26 16:48:27 [Process] Action: decrypt_text | Trace: D:\laragon\www\Contoh-Enkripsi\process.php:49 logError()
[26-Oct-2025 16:48:56 Asia/Jakarta] 2025-10-26 16:48:56 [Process] Action: decrypt_text | Trace: D:\laragon\www\Contoh-Enkripsi\process.php:49 logError()
[26-Oct-2025 16:49:11 Asia/Jakarta] 2025-10-26 16:49:11 [Process] Action: decrypt_text | Trace: D:\laragon\www\Contoh-Enkripsi\process.php:49 logError()
[26-Oct-2025 16:49:25 Asia/Jakarta] 2025-10-26 16:49:25 [Process] Action: decrypt_text | Trace: D:\laragon\www\Contoh-Enkripsi\process.php:49 logError()
[26-Oct-2025 16:49:46 Asia/Jakarta] 2025-10-26 16:49:46 [Process] Action: decrypt_text | Trace: D:\laragon\www\Contoh-Enkripsi\process.php:49 logError()
[26-Oct-2025 16:49:46 Asia/Jakarta] 2025-10-26 16:49:46 [PhpError] PHP Error: Function openssl_free_key() is deprecated since 8.0, as OpenSSLAsymmetricKey objects are freed automatically in D:\laragon\www\Contoh-Enkripsi\CryptoEngine.php on line 415 | Trace: D:\laragon\www\Contoh-Enkripsi\process.php:38 logError() <- D:\laragon\www\Contoh-Enkripsi\CryptoEngine.php:415 {closure:D:\laragon\www\Contoh-Enkripsi\process.php:35}() <- D:\laragon\www\Contoh-Enkripsi\process.php:195 decryptRSA4096()
[26-Oct-2025 16:49:46 Asia/Jakarta] PHP Deprecated:  Function openssl_free_key() is deprecated since 8.0, as OpenSSLAsymmetricKey objects are freed automatically in D:\laragon\www\Contoh-Enkripsi\CryptoEngine.php on line 415
[26-Oct-2025 16:49:55 Asia/Jakarta] 2025-10-26 16:49:55 [Process] Action: decrypt_text | Trace: D:\laragon\www\Contoh-Enkripsi\process.php:49 logError()
[26-Oct-2025 16:49:55 Asia/Jakarta] 2025-10-26 16:49:55 [PhpError] PHP Error: Function openssl_free_key() is deprecated since 8.0, as OpenSSLAsymmetricKey objects are freed automatically in D:\laragon\www\Contoh-Enkripsi\CryptoEngine.php on line 415 | Trace: D:\laragon\www\Contoh-Enkripsi\process.php:38 logError() <- D:\laragon\www\Contoh-Enkripsi\CryptoEngine.php:415 {closure:D:\laragon\www\Contoh-Enkripsi\process.php:35}() <- D:\laragon\www\Contoh-Enkripsi\process.php:195 decryptRSA4096()
[26-Oct-2025 16:49:55 Asia/Jakarta] PHP Deprecated:  Function openssl_free_key() is deprecated since 8.0, as OpenSSLAsymmetricKey objects are freed automatically in D:\laragon\www\Contoh-Enkripsi\CryptoEngine.php on line 415
[26-Oct-2025 16:49:58 Asia/Jakarta] 2025-10-26 16:49:58 [Process] Action: decrypt_text | Trace: D:\laragon\www\Contoh-Enkripsi\process.php:49 logError()
[26-Oct-2025 16:49:58 Asia/Jakarta] 2025-10-26 16:49:58 [PhpError] PHP Error: Function openssl_free_key() is deprecated since 8.0, as OpenSSLAsymmetricKey objects are freed automatically in D:\laragon\www\Contoh-Enkripsi\CryptoEngine.php on line 415 | Trace: D:\laragon\www\Contoh-Enkripsi\process.php:38 logError() <- D:\laragon\www\Contoh-Enkripsi\CryptoEngine.php:415 {closure:D:\laragon\www\Contoh-Enkripsi\process.php:35}() <- D:\laragon\www\Contoh-Enkripsi\process.php:195 decryptRSA4096()
[26-Oct-2025 16:49:58 Asia/Jakarta] PHP Deprecated:  Function openssl_free_key() is deprecated since 8.0, as OpenSSLAsymmetricKey objects are freed automatically in D:\laragon\www\Contoh-Enkripsi\CryptoEngine.php on line 415
[26-Oct-2025 16:50:54 Asia/Jakarta] 2025-10-26 16:50:54 [Process] Action: decrypt_text | Trace: D:\laragon\www\Contoh-Enkripsi\process.php:49 logError()
[26-Oct-2025 16:51:27 Asia/Jakarta] 2025-10-26 16:51:27 [Process] Action: decrypt_text | Trace: D:\laragon\www\Contoh-Enkripsi\process.php:49 logError()
[26-Oct-2025 16:51:32 Asia/Jakarta] 2025-10-26 16:51:32 [Process] Action: decrypt_text | Trace: D:\laragon\www\Contoh-Enkripsi\process.php:49 logError()
[26-Oct-2025 16:51:32 Asia/Jakarta] 2025-10-26 16:51:32 [ProcessError] Encrypted key required for Hybrid | Data: {"action":"decrypt_text","output":""} | Trace: D:\laragon\www\Contoh-Enkripsi\process.php:390 logError()
[26-Oct-2025 16:51:35 Asia/Jakarta] 2025-10-26 16:51:35 [Process] Action: decrypt_text | Trace: D:\laragon\www\Contoh-Enkripsi\process.php:49 logError()
[26-Oct-2025 16:51:57 Asia/Jakarta] 2025-10-26 16:51:57 [Process] Action: decrypt_text | Trace: D:\laragon\www\Contoh-Enkripsi\process.php:49 logError()
[26-Oct-2025 16:52:20 Asia/Jakarta] 2025-10-26 16:52:20 [Process] Action: decrypt_text | Trace: D:\laragon\www\Contoh-Enkripsi\process.php:49 logError()
